<?xml version="1.0" encoding="UTF-8" ?>
<testsuite tests="377" failures="0" name="test.Runner.R1_LumenSmokeTest" time="7.563" errors="46" skipped="285">
  <properties>
    <property name="java.vendor" value="Oracle Corporation"/>
    <property name="env.SYSTEMROOT" value="C:\Windows"/>
    <property name="localRepository" value="C:\Users\Reuel Sicat II\.m2\repository"/>
    <property name="env.USERDOMAIN_ROAMINGPROFILE" value="REUELSICATII-LA"/>
    <property name="sun.java.launcher" value="SUN_STANDARD"/>
    <property name="sun.management.compiler" value="HotSpot 64-Bit Tiered Compilers"/>
    <property name="env.ONEDRIVE" value="C:\Users\Reuel Sicat II\OneDrive"/>
    <property name="env.PROMPT" value="$P$G"/>
    <property name="env.WDIR" value="D:\"/>
    <property name="jnidispatch.path" value="C:\Users\REUELS~1\AppData\Local\Temp\jna-1536990519\jna8413050010050045139.dll"/>
    <property name="os.name" value="Windows 10"/>
    <property name="sun.boot.class.path" value="C:\Program Files\Java\jdk1.8.0_181\jre\lib\resources.jar;C:\Program Files\Java\jdk1.8.0_181\jre\lib\rt.jar;C:\Program Files\Java\jdk1.8.0_181\jre\lib\sunrsasign.jar;C:\Program Files\Java\jdk1.8.0_181\jre\lib\jsse.jar;C:\Program Files\Java\jdk1.8.0_181\jre\lib\jce.jar;C:\Program Files\Java\jdk1.8.0_181\jre\lib\charsets.jar;C:\Program Files\Java\jdk1.8.0_181\jre\lib\jfr.jar;C:\Program Files\Java\jdk1.8.0_181\jre\classes"/>
    <property name="env.COMPUTERNAME" value="REUELSICATII-LA"/>
    <property name="env.ALLUSERSPROFILE" value="C:\ProgramData"/>
    <property name="sun.desktop" value="windows"/>
    <property name="java.vm.specification.vendor" value="Oracle Corporation"/>
    <property name="java.runtime.version" value="1.8.0_181-b13"/>
    <property name="env.HOMEPATH" value="\Users\Reuel Sicat II"/>
    <property name="user.name" value="Reuel Sicat II"/>
    <property name="maven.build.version" value="Apache Maven 3.5.4 (1edded0938998edf8bf061f1ceb3cfdeccf443fe; 2018-06-18T02:33:14+08:00)"/>
    <property name="env.DRIVERDATA" value="C:\Windows\System32\Drivers\DriverData"/>
    <property name="env.PATH" value="C:\Program Files (x86)\Common Files\Oracle\Java\javapath;C:\Windows\system32;C:\Windows;C:\Windows\System32\Wbem;C:\Windows\System32\WindowsPowerShell\v1.0\;C:\Program Files (x86)\NVIDIA Corporation\PhysX\Common;C:\Windows\system32;C:\Windows;C:\Windows\System32\Wbem;C:\Windows\System32\WindowsPowerShell\v1.0\;C:\Windows\System32\OpenSSH\;C:\Program Files\Java\jdk1.8.0_181\bin;C:\Program Files\Apache\apache-maven-3.5.4\bin;C:\Program Files\Git\cmd;C:\Program Files (x86)\MySQL\Connector J 8.0;C:\Users\Reuel Sicat II\AppData\Local\Microsoft\WindowsApps;C:\Program Files\Java\jdk1.8.0_181\bin;C:\Program Files\Apache\apache-maven-3.5.4;"/>
    <property name="user.language" value="en"/>
    <property name="env.JVMCONFIG" value="\.mvn\jvm.config"/>
    <property name="env.WINDIR" value="C:\Windows"/>
    <property name="sun.boot.library.path" value="C:\Program Files\Java\jdk1.8.0_181\jre\bin"/>
    <property name="classworlds.conf" value="C:\Program Files\Apache\apache-maven-3.5.4\bin\..\bin\m2.conf"/>
    <property name="java.version" value="1.8.0_181"/>
    <property name="env.PROCESSOR_IDENTIFIER" value="Intel64 Family 6 Model 158 Stepping 9, GenuineIntel"/>
    <property name="user.timezone" value="Asia/Singapore"/>
    <property name="env.TEMP" value="C:\Users\REUELS~1\AppData\Local\Temp"/>
    <property name="sun.arch.data.model" value="64"/>
    <property name="env.EXEC_DIR" value="D:\04. Test Automation\03 RemoteRepo\tlos_autotest"/>
    <property name="java.endorsed.dirs" value="C:\Program Files\Java\jdk1.8.0_181\jre\lib\endorsed"/>
    <property name="sun.cpu.isalist" value="amd64"/>
    <property name="env.HOMEDRIVE" value="C:"/>
    <property name="sun.jnu.encoding" value="Cp1252"/>
    <property name="file.encoding.pkg" value="sun.io"/>
    <property name="env.SYSTEMDRIVE" value="C:"/>
    <property name="file.separator" value="\"/>
    <property name="java.specification.name" value="Java Platform API Specification"/>
    <property name="maven.conf" value="C:\Program Files\Apache\apache-maven-3.5.4\bin\../conf"/>
    <property name="env.JAVACMD" value="C:\Program Files\Java\jdk1.8.0_181\bin\java.exe"/>
    <property name="java.class.version" value="52.0"/>
    <property name="user.country" value="PH"/>
    <property name="java.home" value="C:\Program Files\Java\jdk1.8.0_181\jre"/>
    <property name="env.APPDATA" value="C:\Users\Reuel Sicat II\AppData\Roaming"/>
    <property name="env.PUBLIC" value="C:\Users\Public"/>
    <property name="java.vm.info" value="mixed mode"/>
    <property name="env.OS" value="Windows_NT"/>
    <property name="os.version" value="10.0"/>
    <property name="env.=::" value="::\"/>
    <property name="webdriver.chrome.driver" value="Drivers/chromedriver.exe"/>
    <property name="path.separator" value=";"/>
    <property name="java.vm.version" value="25.181-b13"/>
    <property name="env.USERPROFILE" value="C:\Users\Reuel Sicat II"/>
    <property name="user.variant" value=""/>
    <property name="env.JAVA_HOME" value="C:\Program Files\Java\jdk1.8.0_181"/>
    <property name="java.awt.printerjob" value="sun.awt.windows.WPrinterJob"/>
    <property name="env.TMP" value="C:\Users\REUELS~1\AppData\Local\Temp"/>
    <property name="env.FPS_BROWSER_USER_PROFILE_STRING" value="Default"/>
    <property name="env.PROGRAMFILES" value="C:\Program Files"/>
    <property name="sun.io.unicode.encoding" value="UnicodeLittle"/>
    <property name="awt.toolkit" value="sun.awt.windows.WToolkit"/>
    <property name="sun.stdout.encoding" value="cp437"/>
    <property name="user.script" value=""/>
    <property name="user.home" value="C:\Users\Reuel Sicat II"/>
    <property name="env.COMMONPROGRAMFILES" value="C:\Program Files\Common Files"/>
    <property name="env.=EXITCODE" value="00000001"/>
    <property name="env.SESSIONNAME" value="Console"/>
    <property name="java.specification.vendor" value="Oracle Corporation"/>
    <property name="env.CLASSPATH" value=".;C:\Program Files (x86)\MySQL\Connector J 8.0\mysql-connector-java-8.0.13.jar"/>
    <property name="env.M2_HOME" value="C:\Program Files\Apache\apache-maven-3.5.4\bin"/>
    <property name="java.vendor.url" value="http://java.oracle.com/"/>
    <property name="java.library.path" value="C:\Program Files\Java\jdk1.8.0_181\bin;C:\Windows\Sun\Java\bin;C:\Windows\system32;C:\Windows;C:\Program Files (x86)\Common Files\Oracle\Java\javapath;C:\Windows\system32;C:\Windows;C:\Windows\System32\Wbem;C:\Windows\System32\WindowsPowerShell\v1.0\;C:\Program Files (x86)\NVIDIA Corporation\PhysX\Common;C:\Windows\system32;C:\Windows;C:\Windows\System32\Wbem;C:\Windows\System32\WindowsPowerShell\v1.0\;C:\Windows\System32\OpenSSH\;C:\Program Files\Java\jdk1.8.0_181\bin;C:\Program Files\Apache\apache-maven-3.5.4\bin;C:\Program Files\Git\cmd;C:\Program Files (x86)\MySQL\Connector J 8.0;C:\Users\Reuel Sicat II\AppData\Local\Microsoft\WindowsApps;C:\Program Files\Java\jdk1.8.0_181\bin;C:\Program Files\Apache\apache-maven-3.5.4;;."/>
    <property name="env.NUMBER_OF_PROCESSORS" value="8"/>
    <property name="library.jansi.path" value="C:\Program Files\Apache\apache-maven-3.5.4\bin\..\lib\jansi-native"/>
    <property name="env.CLASSWORLDS_LAUNCHER" value="org.codehaus.plexus.classworlds.launcher.Launcher"/>
    <property name="env.PSMODULEPATH" value="C:\Program Files\WindowsPowerShell\Modules;C:\Windows\system32\WindowsPowerShell\v1.0\Modules"/>
    <property name="env.COMMONPROGRAMFILES(X86)" value="C:\Program Files (x86)\Common Files"/>
    <property name="env.MAVEN_CMD_LINE_ARGS" value="package exec:java"/>
    <property name="java.vm.vendor" value="Oracle Corporation"/>
    <property name="java.runtime.name" value="Java(TM) SE Runtime Environment"/>
    <property name="maven.home" value="C:\Program Files\Apache\apache-maven-3.5.4\bin\.."/>
    <property name="java.class.path" value="C:\Program Files\Apache\apache-maven-3.5.4\bin\..\boot\plexus-classworlds-2.5.2.jar"/>
    <property name="sun.java.command" value="org.codehaus.plexus.classworlds.launcher.Launcher package exec:java"/>
    <property name="env.PROGRAMW6432" value="C:\Program Files"/>
    <property name="maven.version" value="3.5.4"/>
    <property name="env.PROGRAMFILES(X86)" value="C:\Program Files (x86)"/>
    <property name="java.vm.specification.name" value="Java Virtual Machine Specification"/>
    <property name="env.LOGONSERVER" value="\\REUELSICATII-LA"/>
    <property name="java.vm.specification.version" value="1.8"/>
    <property name="env.PROCESSOR_ARCHITECTURE" value="AMD64"/>
    <property name="env.COMMONPROGRAMW6432" value="C:\Program Files\Common Files"/>
    <property name="sun.os.patch.level" value=""/>
    <property name="sun.cpu.endian" value="little"/>
    <property name="surefire.test.class.path" value="D:\04. Test Automation\03 RemoteRepo\tlos_autotest\target\test-classes;D:\04. Test Automation\03 RemoteRepo\tlos_autotest\target\classes;C:\Users\Reuel Sicat II\.m2\repository\info\cukes\cucumber-java\1.2.4\cucumber-java-1.2.4.jar;C:\Users\Reuel Sicat II\.m2\repository\info\cukes\cucumber-core\1.2.4\cucumber-core-1.2.4.jar;C:\Users\Reuel Sicat II\.m2\repository\info\cukes\cucumber-html\0.2.3\cucumber-html-0.2.3.jar;C:\Users\Reuel Sicat II\.m2\repository\info\cukes\cucumber-jvm-deps\1.0.5\cucumber-jvm-deps-1.0.5.jar;C:\Users\Reuel Sicat II\.m2\repository\info\cukes\gherkin\2.12.2\gherkin-2.12.2.jar;C:\Users\Reuel Sicat II\.m2\repository\info\cukes\cucumber-junit\1.2.4\cucumber-junit-1.2.4.jar;C:\Users\Reuel Sicat II\.m2\repository\junit\junit\4.11\junit-4.11.jar;C:\Users\Reuel Sicat II\.m2\repository\org\hamcrest\hamcrest-core\1.3\hamcrest-core-1.3.jar;C:\Users\Reuel Sicat II\.m2\repository\com\vimalselvam\cucumber-extentsreport\1.0.0\cucumber-extentsreport-1.0.0.jar;C:\Users\Reuel Sicat II\.m2\repository\org\apache\directory\studio\org.apache.commons.codec\1.8\org.apache.commons.codec-1.8.jar;C:\Users\Reuel Sicat II\.m2\repository\org\seleniumhq\selenium\selenium-server\2.53.0\selenium-server-2.53.0.jar;C:\Users\Reuel Sicat II\.m2\repository\com\beust\jcommander\1.48\jcommander-1.48.jar;C:\Users\Reuel Sicat II\.m2\repository\org\bouncycastle\bcprov-jdk15on\1.48\bcprov-jdk15on-1.48.jar;C:\Users\Reuel Sicat II\.m2\repository\org\bouncycastle\bcpkix-jdk15on\1.48\bcpkix-jdk15on-1.48.jar;C:\Users\Reuel Sicat II\.m2\repository\mx4j\mx4j-tools\3.0.1\mx4j-tools-3.0.1.jar;C:\Users\Reuel Sicat II\.m2\repository\org\seleniumhq\selenium\jetty-repacked\9.2.13.v20150730\jetty-repacked-9.2.13.v20150730.jar;C:\Users\Reuel Sicat II\.m2\repository\javax\servlet\javax.servlet-api\3.1.0\javax.servlet-api-3.1.0.jar;C:\Users\Reuel Sicat II\.m2\repository\org\seleniumhq\selenium\jetty-rc-repacked\5\jetty-rc-repacked-5.jar;C:\Users\Reuel Sicat II\.m2\repository\net\jcip\jcip-annotations\1.0\jcip-annotations-1.0.jar;C:\Users\Reuel Sicat II\.m2\repository\org\yaml\snakeyaml\1.8\snakeyaml-1.8.jar;C:\Users\Reuel Sicat II\.m2\repository\commons-codec\commons-codec\1.10\commons-codec-1.10.jar;C:\Users\Reuel Sicat II\.m2\repository\org\seleniumhq\selenium\selenium-java\2.53.0\selenium-java-2.53.0.jar;C:\Users\Reuel Sicat II\.m2\repository\org\seleniumhq\selenium\selenium-chrome-driver\2.53.0\selenium-chrome-driver-2.53.0.jar;C:\Users\Reuel Sicat II\.m2\repository\org\seleniumhq\selenium\selenium-remote-driver\2.53.0\selenium-remote-driver-2.53.0.jar;C:\Users\Reuel Sicat II\.m2\repository\cglib\cglib-nodep\2.1_3\cglib-nodep-2.1_3.jar;C:\Users\Reuel Sicat II\.m2\repository\org\seleniumhq\selenium\selenium-api\2.53.0\selenium-api-2.53.0.jar;C:\Users\Reuel Sicat II\.m2\repository\org\seleniumhq\selenium\selenium-edge-driver\2.53.0\selenium-edge-driver-2.53.0.jar;C:\Users\Reuel Sicat II\.m2\repository\org\seleniumhq\selenium\selenium-firefox-driver\2.53.0\selenium-firefox-driver-2.53.0.jar;C:\Users\Reuel Sicat II\.m2\repository\org\seleniumhq\selenium\selenium-ie-driver\2.53.0\selenium-ie-driver-2.53.0.jar;C:\Users\Reuel Sicat II\.m2\repository\net\java\dev\jna\jna\4.1.0\jna-4.1.0.jar;C:\Users\Reuel Sicat II\.m2\repository\net\java\dev\jna\jna-platform\4.1.0\jna-platform-4.1.0.jar;C:\Users\Reuel Sicat II\.m2\repository\org\seleniumhq\selenium\selenium-safari-driver\2.53.0\selenium-safari-driver-2.53.0.jar;C:\Users\Reuel Sicat II\.m2\repository\io\netty\netty\3.5.7.Final\netty-3.5.7.Final.jar;C:\Users\Reuel Sicat II\.m2\repository\org\seleniumhq\selenium\selenium-support\2.53.0\selenium-support-2.53.0.jar;C:\Users\Reuel Sicat II\.m2\repository\org\seleniumhq\selenium\selenium-leg-rc\2.53.0\selenium-leg-rc-2.53.0.jar;C:\Users\Reuel Sicat II\.m2\repository\io\appium\java-client\2.1.0\java-client-2.1.0.jar;C:\Users\Reuel Sicat II\.m2\repository\com\google\code\gson\gson\2.2.4\gson-2.2.4.jar;C:\Users\Reuel Sicat II\.m2\repository\com\google\guava\guava\17.0\guava-17.0.jar;C:\Users\Reuel Sicat II\.m2\repository\cglib\cglib\3.1\cglib-3.1.jar;C:\Users\Reuel Sicat II\.m2\repository\org\ow2\asm\asm\4.2\asm-4.2.jar;C:\Users\Reuel Sicat II\.m2\repository\com\github\2gis\winium\winium-elements-desktop\0.1.0-1\winium-elements-desktop-0.1.0-1.jar;C:\Users\Reuel Sicat II\.m2\repository\com\github\2gis\winium\winium-webdriver\0.1.0-1\winium-webdriver-0.1.0-1.jar;C:\Users\Reuel Sicat II\.m2\repository\javax\activation\activation\1.1.1\activation-1.1.1.jar;C:\Users\Reuel Sicat II\.m2\repository\javax\mail\mail\1.4.7\mail-1.4.7.jar;C:\Users\Reuel Sicat II\.m2\repository\org\seleniumhq\selenium\htmlunit-driver\2.23.2\htmlunit-driver-2.23.2.jar;C:\Users\Reuel Sicat II\.m2\repository\net\sourceforge\htmlunit\htmlunit\2.23\htmlunit-2.23.jar;C:\Users\Reuel Sicat II\.m2\repository\xalan\xalan\2.7.2\xalan-2.7.2.jar;C:\Users\Reuel Sicat II\.m2\repository\xalan\serializer\2.7.2\serializer-2.7.2.jar;C:\Users\Reuel Sicat II\.m2\repository\net\sourceforge\htmlunit\htmlunit-core-js\2.23\htmlunit-core-js-2.23.jar;C:\Users\Reuel Sicat II\.m2\repository\net\sourceforge\htmlunit\neko-htmlunit\2.23\neko-htmlunit-2.23.jar;C:\Users\Reuel Sicat II\.m2\repository\xerces\xercesImpl\2.11.0\xercesImpl-2.11.0.jar;C:\Users\Reuel Sicat II\.m2\repository\xml-apis\xml-apis\1.4.01\xml-apis-1.4.01.jar;C:\Users\Reuel Sicat II\.m2\repository\net\sourceforge\cssparser\cssparser\0.9.20\cssparser-0.9.20.jar;C:\Users\Reuel Sicat II\.m2\repository\org\w3c\css\sac\1.3\sac-1.3.jar;C:\Users\Reuel Sicat II\.m2\repository\org\eclipse\jetty\websocket\websocket-server\9.3.13.M0\websocket-server-9.3.13.M0.jar;C:\Users\Reuel Sicat II\.m2\repository\org\eclipse\jetty\websocket\websocket-common\9.3.13.M0\websocket-common-9.3.13.M0.jar;C:\Users\Reuel Sicat II\.m2\repository\org\eclipse\jetty\websocket\websocket-api\9.3.13.M0\websocket-api-9.3.13.M0.jar;C:\Users\Reuel Sicat II\.m2\repository\org\eclipse\jetty\jetty-util\9.3.13.M0\jetty-util-9.3.13.M0.jar;C:\Users\Reuel Sicat II\.m2\repository\org\eclipse\jetty\jetty-io\9.3.13.M0\jetty-io-9.3.13.M0.jar;C:\Users\Reuel Sicat II\.m2\repository\org\eclipse\jetty\websocket\websocket-client\9.3.13.M0\websocket-client-9.3.13.M0.jar;C:\Users\Reuel Sicat II\.m2\repository\org\eclipse\jetty\websocket\websocket-servlet\9.3.13.M0\websocket-servlet-9.3.13.M0.jar;C:\Users\Reuel Sicat II\.m2\repository\org\eclipse\jetty\jetty-servlet\9.3.13.M0\jetty-servlet-9.3.13.M0.jar;C:\Users\Reuel Sicat II\.m2\repository\org\eclipse\jetty\jetty-security\9.3.13.M0\jetty-security-9.3.13.M0.jar;C:\Users\Reuel Sicat II\.m2\repository\org\eclipse\jetty\jetty-server\9.3.13.M0\jetty-server-9.3.13.M0.jar;C:\Users\Reuel Sicat II\.m2\repository\org\eclipse\jetty\jetty-http\9.3.13.M0\jetty-http-9.3.13.M0.jar;C:\Users\Reuel Sicat II\.m2\repository\org\apache\httpcomponents\httpclient\4.5.2\httpclient-4.5.2.jar;C:\Users\Reuel Sicat II\.m2\repository\org\apache\httpcomponents\httpcore\4.4.4\httpcore-4.4.4.jar;C:\Users\Reuel Sicat II\.m2\repository\commons-logging\commons-logging\1.2\commons-logging-1.2.jar;C:\Users\Reuel Sicat II\.m2\repository\com\relevantcodes\extentreports\2.41.2\extentreports-2.41.2.jar;C:\Users\Reuel Sicat II\.m2\repository\org\jsoup\jsoup\1.8.3\jsoup-1.8.3.jar;C:\Users\Reuel Sicat II\.m2\repository\org\xerial\sqlite-jdbc\3.8.11.1\sqlite-jdbc-3.8.11.1.jar;C:\Users\Reuel Sicat II\.m2\repository\org\freemarker\freemarker\2.3.23\freemarker-2.3.23.jar;C:\Users\Reuel Sicat II\.m2\repository\org\mongodb\mongodb-driver\3.0.4\mongodb-driver-3.0.4.jar;C:\Users\Reuel Sicat II\.m2\repository\org\mongodb\bson\3.0.4\bson-3.0.4.jar;C:\Users\Reuel Sicat II\.m2\repository\org\mongodb\mongodb-driver-core\3.0.4\mongodb-driver-core-3.0.4.jar;C:\Users\Reuel Sicat II\.m2\repository\log4j\log4j\1.2.17\log4j-1.2.17.jar;C:\Users\Reuel Sicat II\.m2\repository\com\squareup\okhttp\okhttp\2.3.0\okhttp-2.3.0.jar;C:\Users\Reuel Sicat II\.m2\repository\com\squareup\okio\okio\1.3.0\okio-1.3.0.jar;C:\Users\Reuel Sicat II\.m2\repository\com\github\genium-framework\Appium-Support\1.0.2\Appium-Support-1.0.2.jar;C:\Users\Reuel Sicat II\.m2\repository\org\apache\commons\commons-exec\1.3\commons-exec-1.3.jar;C:\Users\Reuel Sicat II\.m2\repository\commons-io\commons-io\2.4\commons-io-2.4.jar;C:\Users\Reuel Sicat II\.m2\repository\io\rest-assured\rest-assured\3.0.3\rest-assured-3.0.3.jar;C:\Users\Reuel Sicat II\.m2\repository\org\codehaus\groovy\groovy\2.4.9\groovy-2.4.9.jar;C:\Users\Reuel Sicat II\.m2\repository\org\codehaus\groovy\groovy-xml\2.4.9\groovy-xml-2.4.9.jar;C:\Users\Reuel Sicat II\.m2\repository\org\apache\httpcomponents\httpmime\4.5.1\httpmime-4.5.1.jar;C:\Users\Reuel Sicat II\.m2\repository\org\hamcrest\hamcrest-library\1.3\hamcrest-library-1.3.jar;C:\Users\Reuel Sicat II\.m2\repository\org\ccil\cowan\tagsoup\tagsoup\1.2.1\tagsoup-1.2.1.jar;C:\Users\Reuel Sicat II\.m2\repository\io\rest-assured\json-path\3.0.3\json-path-3.0.3.jar;C:\Users\Reuel Sicat II\.m2\repository\org\codehaus\groovy\groovy-json\2.4.9\groovy-json-2.4.9.jar;C:\Users\Reuel Sicat II\.m2\repository\io\rest-assured\rest-assured-common\3.0.3\rest-assured-common-3.0.3.jar;C:\Users\Reuel Sicat II\.m2\repository\io\rest-assured\xml-path\3.0.3\xml-path-3.0.3.jar;C:\Users\Reuel Sicat II\.m2\repository\org\apache\commons\commons-lang3\3.4\commons-lang3-3.4.jar;C:\Users\Reuel Sicat II\.m2\repository\io\rest-assured\json-schema-validator\3.0.3\json-schema-validator-3.0.3.jar;C:\Users\Reuel Sicat II\.m2\repository\com\github\fge\json-schema-validator\2.2.6\json-schema-validator-2.2.6.jar;C:\Users\Reuel Sicat II\.m2\repository\joda-time\joda-time\2.3\joda-time-2.3.jar;C:\Users\Reuel Sicat II\.m2\repository\com\googlecode\libphonenumber\libphonenumber\6.2\libphonenumber-6.2.jar;C:\Users\Reuel Sicat II\.m2\repository\com\github\fge\json-schema-core\1.2.5\json-schema-core-1.2.5.jar;C:\Users\Reuel Sicat II\.m2\repository\com\github\fge\uri-template\0.9\uri-template-0.9.jar;C:\Users\Reuel Sicat II\.m2\repository\com\github\fge\msg-simple\1.1\msg-simple-1.1.jar;C:\Users\Reuel Sicat II\.m2\repository\com\github\fge\btf\1.2\btf-1.2.jar;C:\Users\Reuel Sicat II\.m2\repository\com\github\fge\jackson-coreutils\1.8\jackson-coreutils-1.8.jar;C:\Users\Reuel Sicat II\.m2\repository\org\mozilla\rhino\1.7R4\rhino-1.7R4.jar;C:\Users\Reuel Sicat II\.m2\repository\javax\mail\mailapi\1.4.3\mailapi-1.4.3.jar;C:\Users\Reuel Sicat II\.m2\repository\net\sf\jopt-simple\jopt-simple\4.6\jopt-simple-4.6.jar;C:\Users\Reuel Sicat II\.m2\repository\com\jayway\jsonpath\json-path\2.0.0\json-path-2.0.0.jar;C:\Users\Reuel Sicat II\.m2\repository\org\slf4j\slf4j-api\1.7.10\slf4j-api-1.7.10.jar;C:\Users\Reuel Sicat II\.m2\repository\net\minidev\json-smart\2.1.1\json-smart-2.1.1.jar;C:\Users\Reuel Sicat II\.m2\repository\net\minidev\asm\1.0.2\asm-1.0.2.jar;C:\Users\Reuel Sicat II\.m2\repository\asm\asm\3.3.1\asm-3.3.1.jar;C:\Users\Reuel Sicat II\.m2\repository\mysql\mysql-connector-java\5.1.39\mysql-connector-java-5.1.39.jar;C:\Users\Reuel Sicat II\.m2\repository\org\mybatis\mybatis\3.3.0\mybatis-3.3.0.jar;C:\Users\Reuel Sicat II\.m2\repository\com\fasterxml\jackson\core\jackson-core\2.7.2\jackson-core-2.7.2.jar;C:\Users\Reuel Sicat II\.m2\repository\com\fasterxml\jackson\core\jackson-databind\2.7.2\jackson-databind-2.7.2.jar;C:\Users\Reuel Sicat II\.m2\repository\com\fasterxml\jackson\core\jackson-annotations\2.7.2\jackson-annotations-2.7.2.jar;C:\Users\Reuel Sicat II\.m2\repository\org\codehaus\jettison\jettison\1.1\jettison-1.1.jar;C:\Users\Reuel Sicat II\.m2\repository\stax\stax-api\1.0.1\stax-api-1.0.1.jar;C:\Users\Reuel Sicat II\.m2\repository\com\google\apis\google-api-services-sheets\v4-rev549-1.25.0\google-api-services-sheets-v4-rev549-1.25.0.jar;C:\Users\Reuel Sicat II\.m2\repository\com\google\gdata\core\1.47.1\core-1.47.1.jar;C:\Users\Reuel Sicat II\.m2\repository\com\google\code\findbugs\jsr305\1.3.7\jsr305-1.3.7.jar;C:\Users\Reuel Sicat II\.m2\repository\com\google\api-client\google-api-client\1.23.0\google-api-client-1.23.0.jar;C:\Users\Reuel Sicat II\.m2\repository\com\google\oauth-client\google-oauth-client\1.23.0\google-oauth-client-1.23.0.jar;C:\Users\Reuel Sicat II\.m2\repository\com\google\http-client\google-http-client\1.23.0\google-http-client-1.23.0.jar;C:\Users\Reuel Sicat II\.m2\repository\com\google\http-client\google-http-client-jackson2\1.23.0\google-http-client-jackson2-1.23.0.jar;C:\Users\Reuel Sicat II\.m2\repository\com\google\guava\guava-jdk5\17.0\guava-jdk5-17.0.jar;C:\Users\Reuel Sicat II\.m2\repository\com\google\oauth-client\google-oauth-client-jetty\1.23.0\google-oauth-client-jetty-1.23.0.jar;C:\Users\Reuel Sicat II\.m2\repository\com\google\oauth-client\google-oauth-client-java6\1.23.0\google-oauth-client-java6-1.23.0.jar;C:\Users\Reuel Sicat II\.m2\repository\org\mortbay\jetty\jetty\6.1.26\jetty-6.1.26.jar;C:\Users\Reuel Sicat II\.m2\repository\org\mortbay\jetty\jetty-util\6.1.26\jetty-util-6.1.26.jar;C:\Users\Reuel Sicat II\.m2\repository\org\mortbay\jetty\servlet-api\2.5-20081211\servlet-api-2.5-20081211.jar;"/>
    <property name="java.io.tmpdir" value="C:\Users\REUELS~1\AppData\Local\Temp\"/>
    <property name="env.PROCESSOR_REVISION" value="9e09"/>
    <property name="java.vendor.url.bug" value="http://bugreport.sun.com/bugreport/"/>
    <property name="maven.multiModuleProjectDirectory" value="D:\04. Test Automation\03 RemoteRepo\tlos_autotest"/>
    <property name="env.COMSPEC" value="C:\Windows\system32\cmd.exe"/>
    <property name="env.PROGRAMDATA" value="C:\ProgramData"/>
    <property name="env.FPS_BROWSER_APP_PROFILE_STRING" value="Internet Explorer"/>
    <property name="java.awt.graphicsenv" value="sun.awt.Win32GraphicsEnvironment"/>
    <property name="os.arch" value="amd64"/>
    <property name="java.ext.dirs" value="C:\Program Files\Java\jdk1.8.0_181\jre\lib\ext;C:\Windows\Sun\Java\lib\ext"/>
    <property name="env.=D:" value="D:\04. Test Automation\03 RemoteRepo\tlos_autotest"/>
    <property name="user.dir" value="D:\04. Test Automation\03 RemoteRepo\tlos_autotest"/>
    <property name="env.LOCALAPPDATA" value="C:\Users\Reuel Sicat II\AppData\Local"/>
    <property name="env.MAVEN_HOME" value="C:\Program Files\Apache\apache-maven-3.5.4\bin\.."/>
    <property name="line.separator" value="
"/>
    <property name="java.vm.name" value="Java HotSpot(TM) 64-Bit Server VM"/>
    <property name="env.CLASSWORLDS_JAR" value="&quot;C:\Program Files\Apache\apache-maven-3.5.4\bin\..\boot\plexus-classworlds-2.5.2.jar&quot;"/>
    <property name="env.PATHEXT" value=".COM;.EXE;.BAT;.CMD;.VBS;.VBE;.JS;.JSE;.WSF;.WSH;.MSC"/>
    <property name="basedir" value="D:\04. Test Automation\03 RemoteRepo\tlos_autotest"/>
    <property name="env.ERROR_CODE" value="0"/>
    <property name="env.USERNAME" value="Reuel Sicat II"/>
    <property name="file.encoding" value="Cp1252"/>
    <property name="sun.stderr.encoding" value="cp437"/>
    <property name="env.USERDOMAIN" value="REUELSICATII-LA"/>
    <property name="java.specification.version" value="1.8"/>
    <property name="env.=C:" value="C:\Users\Reuel Sicat II"/>
    <property name="env.MAVEN_PROJECTBASEDIR" value="D:\04. Test Automation\03 RemoteRepo\tlos_autotest"/>
    <property name="env.PROCESSOR_LEVEL" value="6"/>
  </properties>
  <testcase classname="| /login/authenticate | bordy@truelogic.com.ph | Abcd1234 | 8 | 200 |" name="Given Im an Account Manager" time="0"/>
  <testcase classname="| /login/authenticate | bordy@truelogic.com.ph | Abcd1234 | 8 | 200 |" name="When I draft RequestSpecBuilder" time="0"/>
  <testcase classname="| /login/authenticate | bordy@truelogic.com.ph | Abcd1234 | 8 | 200 |" name="And I set baseURI for LumenDEVURL" time="0">
    <error message="Base URI cannot be null" type="java.lang.IllegalArgumentException">java.lang.IllegalArgumentException: Base URI cannot be null
	at sun.reflect.NativeConstructorAccessorImpl.newInstance0(Native Method)
	at sun.reflect.NativeConstructorAccessorImpl.newInstance(NativeConstructorAccessorImpl.java:62)
	at sun.reflect.DelegatingConstructorAccessorImpl.newInstance(DelegatingConstructorAccessorImpl.java:45)
	at java.lang.reflect.Constructor.newInstance(Constructor.java:423)
	at org.codehaus.groovy.reflection.CachedConstructor.invoke(CachedConstructor.java:83)
	at org.codehaus.groovy.reflection.CachedConstructor.doConstructorInvoke(CachedConstructor.java:77)
	at org.codehaus.groovy.runtime.callsite.ConstructorSite$ConstructorSiteNoUnwrap.callConstructor(ConstructorSite.java:84)
	at org.codehaus.groovy.runtime.callsite.CallSiteArray.defaultCallConstructor(CallSiteArray.java:60)
	at org.codehaus.groovy.runtime.callsite.AbstractCallSite.callConstructor(AbstractCallSite.java:235)
	at org.codehaus.groovy.runtime.callsite.AbstractCallSite.callConstructor(AbstractCallSite.java:247)
	at io.restassured.internal.assertion.AssertParameter.notNull(AssertParameter.groovy:26)
	at io.restassured.internal.assertion.AssertParameter$notNull.callStatic(Unknown Source)
	at org.codehaus.groovy.runtime.callsite.CallSiteArray.defaultCallStatic(CallSiteArray.java:56)
	at org.codehaus.groovy.runtime.callsite.AbstractCallSite.callStatic(AbstractCallSite.java:194)
	at org.codehaus.groovy.runtime.callsite.AbstractCallSite.callStatic(AbstractCallSite.java:214)
	at io.restassured.internal.RequestSpecificationImpl.baseUri(RequestSpecificationImpl.groovy:748)
	at io.restassured.builder.RequestSpecBuilder.setBaseUri(RequestSpecBuilder.java:1347)
	at restassured.Framework.CommonSteps.I_set_baseURI_for_LumenDEVURL(CommonSteps.java:41)
	at ✽.And I set baseURI for LumenDEVURL(FeatureFilesLumen/TAA-15.feature:25)
</error>
  </testcase>
  <testcase classname="| /login/authenticate | bordy@truelogic.com.ph | Abcd1234 | 8 | 200 |" name="| /login/authenticate | bordy@truelogic.com.ph | Abcd1234 | 8 | 200 |" time="0">
    <error message="Base URI cannot be null" type="java.lang.IllegalArgumentException">java.lang.IllegalArgumentException: Base URI cannot be null
	at sun.reflect.NativeConstructorAccessorImpl.newInstance0(Native Method)
	at sun.reflect.NativeConstructorAccessorImpl.newInstance(NativeConstructorAccessorImpl.java:62)
	at sun.reflect.DelegatingConstructorAccessorImpl.newInstance(DelegatingConstructorAccessorImpl.java:45)
	at java.lang.reflect.Constructor.newInstance(Constructor.java:423)
	at org.codehaus.groovy.reflection.CachedConstructor.invoke(CachedConstructor.java:83)
	at org.codehaus.groovy.reflection.CachedConstructor.doConstructorInvoke(CachedConstructor.java:77)
	at org.codehaus.groovy.runtime.callsite.ConstructorSite$ConstructorSiteNoUnwrap.callConstructor(ConstructorSite.java:84)
	at org.codehaus.groovy.runtime.callsite.CallSiteArray.defaultCallConstructor(CallSiteArray.java:60)
	at org.codehaus.groovy.runtime.callsite.AbstractCallSite.callConstructor(AbstractCallSite.java:235)
	at org.codehaus.groovy.runtime.callsite.AbstractCallSite.callConstructor(AbstractCallSite.java:247)
	at io.restassured.internal.assertion.AssertParameter.notNull(AssertParameter.groovy:26)
	at io.restassured.internal.assertion.AssertParameter$notNull.callStatic(Unknown Source)
	at org.codehaus.groovy.runtime.callsite.CallSiteArray.defaultCallStatic(CallSiteArray.java:56)
	at org.codehaus.groovy.runtime.callsite.AbstractCallSite.callStatic(AbstractCallSite.java:194)
	at org.codehaus.groovy.runtime.callsite.AbstractCallSite.callStatic(AbstractCallSite.java:214)
	at io.restassured.internal.RequestSpecificationImpl.baseUri(RequestSpecificationImpl.groovy:748)
	at io.restassured.builder.RequestSpecBuilder.setBaseUri(RequestSpecBuilder.java:1347)
	at restassured.Framework.CommonSteps.I_set_baseURI_for_LumenDEVURL(CommonSteps.java:41)
	at ✽.And I set baseURI for LumenDEVURL(FeatureFilesLumen/TAA-15.feature:25)
</error>
  </testcase>
  <testcase classname="| /login/authenticate | bordy@truelogic.com.ph | Abcd1234 | 8 | 200 |" name="And I set basePath to /login/authenticate" time="0.001">
    <skipped/>
  </testcase>
  <testcase classname="| /login/authenticate | bordy@truelogic.com.ph | Abcd1234 | 8 | 200 |" name="And I add parameter Key as &quot;email&quot; and Value as bordy@truelogic.com.ph" time="0.001">
    <skipped/>
  </testcase>
  <testcase classname="| /login/authenticate | bordy@truelogic.com.ph | Abcd1234 | 8 | 200 |" name="And I add parameter Key as &quot;password&quot; and Value as Abcd1234" time="0.001">
    <skipped/>
  </testcase>
  <testcase classname="| /login/authenticate | bordy@truelogic.com.ph | Abcd1234 | 8 | 200 |" name="And I add parameter Key as &quot;site_id&quot; and Value as 8" time="0.001">
    <skipped/>
  </testcase>
  <testcase classname="| /login/authenticate | bordy@truelogic.com.ph | Abcd1234 | 8 | 200 |" name="And I build RequestSpecification" time="0.001">
    <skipped/>
  </testcase>
  <testcase classname="| /login/authenticate | bordy@truelogic.com.ph | Abcd1234 | 8 | 200 |" name="And I execute a POST method" time="0.001">
    <skipped/>
  </testcase>
  <testcase classname="| /login/authenticate | bordy@truelogic.com.ph | Abcd1234 | 8 | 200 |" name="And I attached response to JsonPath" time="0.002">
    <skipped/>
  </testcase>
  <testcase classname="| /login/authenticate | bordy@truelogic.com.ph | Abcd1234 | 8 | 200 |" name="And I retrieve token" time="0.002">
    <skipped/>
  </testcase>
  <testcase classname="| /login/authenticate | bordy@truelogic.com.ph | Abcd1234 | 8 | 200 |" name="Then I receive a response with StatusCode 200 over LoginAuthenticate" time="0.002">
    <skipped/>
  </testcase>
  <testcase classname="| /login/authenticate | bordy@truelogic.com.ph | Abcd1234 | 8 | 200 |" name="And I see that response JSON contains all the expected fields and values over LoginAuthenticate" time="0.002">
    <skipped/>
  </testcase>
  <testcase classname="| /login/authenticate | brdy@truelogic.com.ph | Abcd1234 | 8 | 400 | LoginAuthenticate_TS02_TC01 |" name="Given Im an Account Manager" time="0"/>
  <testcase classname="| /login/authenticate | brdy@truelogic.com.ph | Abcd1234 | 8 | 400 | LoginAuthenticate_TS02_TC01 |" name="When I draft RequestSpecBuilder" time="0"/>
  <testcase classname="| /login/authenticate | brdy@truelogic.com.ph | Abcd1234 | 8 | 400 | LoginAuthenticate_TS02_TC01 |" name="And I set baseURI for LumenDEVURL" time="0">
    <error message="Base URI cannot be null" type="java.lang.IllegalArgumentException">java.lang.IllegalArgumentException: Base URI cannot be null
	at sun.reflect.NativeConstructorAccessorImpl.newInstance0(Native Method)
	at sun.reflect.NativeConstructorAccessorImpl.newInstance(NativeConstructorAccessorImpl.java:62)
	at sun.reflect.DelegatingConstructorAccessorImpl.newInstance(DelegatingConstructorAccessorImpl.java:45)
	at java.lang.reflect.Constructor.newInstance(Constructor.java:423)
	at org.codehaus.groovy.reflection.CachedConstructor.invoke(CachedConstructor.java:83)
	at org.codehaus.groovy.reflection.CachedConstructor.doConstructorInvoke(CachedConstructor.java:77)
	at org.codehaus.groovy.runtime.callsite.ConstructorSite$ConstructorSiteNoUnwrap.callConstructor(ConstructorSite.java:84)
	at org.codehaus.groovy.runtime.callsite.AbstractCallSite.callConstructor(AbstractCallSite.java:247)
	at io.restassured.internal.assertion.AssertParameter.notNull(AssertParameter.groovy:26)
	at io.restassured.internal.assertion.AssertParameter$notNull.callStatic(Unknown Source)
	at io.restassured.internal.RequestSpecificationImpl.baseUri(RequestSpecificationImpl.groovy:748)
	at io.restassured.builder.RequestSpecBuilder.setBaseUri(RequestSpecBuilder.java:1347)
	at restassured.Framework.CommonSteps.I_set_baseURI_for_LumenDEVURL(CommonSteps.java:41)
	at ✽.And I set baseURI for LumenDEVURL(FeatureFilesLumen/TAA-15.feature:45)
</error>
  </testcase>
  <testcase classname="| /login/authenticate | brdy@truelogic.com.ph | Abcd1234 | 8 | 400 | LoginAuthenticate_TS02_TC01 |" name="| /login/authenticate | brdy@truelogic.com.ph | Abcd1234 | 8 | 400 | LoginAuthenticate_TS02_TC01 |" time="0">
    <error message="Base URI cannot be null" type="java.lang.IllegalArgumentException">java.lang.IllegalArgumentException: Base URI cannot be null
	at sun.reflect.NativeConstructorAccessorImpl.newInstance0(Native Method)
	at sun.reflect.NativeConstructorAccessorImpl.newInstance(NativeConstructorAccessorImpl.java:62)
	at sun.reflect.DelegatingConstructorAccessorImpl.newInstance(DelegatingConstructorAccessorImpl.java:45)
	at java.lang.reflect.Constructor.newInstance(Constructor.java:423)
	at org.codehaus.groovy.reflection.CachedConstructor.invoke(CachedConstructor.java:83)
	at org.codehaus.groovy.reflection.CachedConstructor.doConstructorInvoke(CachedConstructor.java:77)
	at org.codehaus.groovy.runtime.callsite.ConstructorSite$ConstructorSiteNoUnwrap.callConstructor(ConstructorSite.java:84)
	at org.codehaus.groovy.runtime.callsite.AbstractCallSite.callConstructor(AbstractCallSite.java:247)
	at io.restassured.internal.assertion.AssertParameter.notNull(AssertParameter.groovy:26)
	at io.restassured.internal.assertion.AssertParameter$notNull.callStatic(Unknown Source)
	at io.restassured.internal.RequestSpecificationImpl.baseUri(RequestSpecificationImpl.groovy:748)
	at io.restassured.builder.RequestSpecBuilder.setBaseUri(RequestSpecBuilder.java:1347)
	at restassured.Framework.CommonSteps.I_set_baseURI_for_LumenDEVURL(CommonSteps.java:41)
	at ✽.And I set baseURI for LumenDEVURL(FeatureFilesLumen/TAA-15.feature:45)
</error>
  </testcase>
  <testcase classname="| /login/authenticate | brdy@truelogic.com.ph | Abcd1234 | 8 | 400 | LoginAuthenticate_TS02_TC01 |" name="And I set basePath to /login/authenticate" time="0.001">
    <skipped/>
  </testcase>
  <testcase classname="| /login/authenticate | brdy@truelogic.com.ph | Abcd1234 | 8 | 400 | LoginAuthenticate_TS02_TC01 |" name="And I add parameter Key as &quot;email&quot; and Value as brdy@truelogic.com.ph" time="0.001">
    <skipped/>
  </testcase>
  <testcase classname="| /login/authenticate | brdy@truelogic.com.ph | Abcd1234 | 8 | 400 | LoginAuthenticate_TS02_TC01 |" name="And I add parameter Key as &quot;password&quot; and Value as Abcd1234" time="0.001">
    <skipped/>
  </testcase>
  <testcase classname="| /login/authenticate | brdy@truelogic.com.ph | Abcd1234 | 8 | 400 | LoginAuthenticate_TS02_TC01 |" name="And I add parameter Key as &quot;site_id&quot; and Value as 8" time="0.001">
    <skipped/>
  </testcase>
  <testcase classname="| /login/authenticate | brdy@truelogic.com.ph | Abcd1234 | 8 | 400 | LoginAuthenticate_TS02_TC01 |" name="And I build RequestSpecification" time="0.001">
    <skipped/>
  </testcase>
  <testcase classname="| /login/authenticate | brdy@truelogic.com.ph | Abcd1234 | 8 | 400 | LoginAuthenticate_TS02_TC01 |" name="And I execute a POST method" time="0.001">
    <skipped/>
  </testcase>
  <testcase classname="| /login/authenticate | brdy@truelogic.com.ph | Abcd1234 | 8 | 400 | LoginAuthenticate_TS02_TC01 |" name="Then I receive a response with StatusCode 400 over LoginAuthenticate" time="0.001">
    <skipped/>
  </testcase>
  <testcase classname="| /login/authenticate | brdy@truelogic.com.ph | Abcd1234 | 8 | 400 | LoginAuthenticate_TS02_TC01 |" name="And I see that response JSON is equal to LoginAuthenticate_TS02_TC01 over SignUp" time="0.001">
    <skipped/>
  </testcase>
  <testcase classname="| /login/authenticate | bordy@truelogic.com.ph | Abcd123 | 8 | 400 | LoginAuthenticate_TS02_TC02 |" name="Given Im an Account Manager" time="0"/>
  <testcase classname="| /login/authenticate | bordy@truelogic.com.ph | Abcd123 | 8 | 400 | LoginAuthenticate_TS02_TC02 |" name="When I draft RequestSpecBuilder" time="0"/>
  <testcase classname="| /login/authenticate | bordy@truelogic.com.ph | Abcd123 | 8 | 400 | LoginAuthenticate_TS02_TC02 |" name="And I set baseURI for LumenDEVURL" time="0">
    <error message="Base URI cannot be null" type="java.lang.IllegalArgumentException">java.lang.IllegalArgumentException: Base URI cannot be null
	at sun.reflect.NativeConstructorAccessorImpl.newInstance0(Native Method)
	at sun.reflect.NativeConstructorAccessorImpl.newInstance(NativeConstructorAccessorImpl.java:62)
	at sun.reflect.DelegatingConstructorAccessorImpl.newInstance(DelegatingConstructorAccessorImpl.java:45)
	at java.lang.reflect.Constructor.newInstance(Constructor.java:423)
	at org.codehaus.groovy.reflection.CachedConstructor.invoke(CachedConstructor.java:83)
	at org.codehaus.groovy.reflection.CachedConstructor.doConstructorInvoke(CachedConstructor.java:77)
	at org.codehaus.groovy.runtime.callsite.ConstructorSite$ConstructorSiteNoUnwrap.callConstructor(ConstructorSite.java:84)
	at org.codehaus.groovy.runtime.callsite.AbstractCallSite.callConstructor(AbstractCallSite.java:247)
	at io.restassured.internal.assertion.AssertParameter.notNull(AssertParameter.groovy:26)
	at io.restassured.internal.assertion.AssertParameter$notNull.callStatic(Unknown Source)
	at io.restassured.internal.RequestSpecificationImpl.baseUri(RequestSpecificationImpl.groovy:748)
	at io.restassured.builder.RequestSpecBuilder.setBaseUri(RequestSpecBuilder.java:1347)
	at restassured.Framework.CommonSteps.I_set_baseURI_for_LumenDEVURL(CommonSteps.java:41)
	at ✽.And I set baseURI for LumenDEVURL(FeatureFilesLumen/TAA-15.feature:45)
</error>
  </testcase>
  <testcase classname="| /login/authenticate | bordy@truelogic.com.ph | Abcd123 | 8 | 400 | LoginAuthenticate_TS02_TC02 |" name="| /login/authenticate | bordy@truelogic.com.ph | Abcd123 | 8 | 400 | LoginAuthenticate_TS02_TC02 |" time="0">
    <error message="Base URI cannot be null" type="java.lang.IllegalArgumentException">java.lang.IllegalArgumentException: Base URI cannot be null
	at sun.reflect.NativeConstructorAccessorImpl.newInstance0(Native Method)
	at sun.reflect.NativeConstructorAccessorImpl.newInstance(NativeConstructorAccessorImpl.java:62)
	at sun.reflect.DelegatingConstructorAccessorImpl.newInstance(DelegatingConstructorAccessorImpl.java:45)
	at java.lang.reflect.Constructor.newInstance(Constructor.java:423)
	at org.codehaus.groovy.reflection.CachedConstructor.invoke(CachedConstructor.java:83)
	at org.codehaus.groovy.reflection.CachedConstructor.doConstructorInvoke(CachedConstructor.java:77)
	at org.codehaus.groovy.runtime.callsite.ConstructorSite$ConstructorSiteNoUnwrap.callConstructor(ConstructorSite.java:84)
	at org.codehaus.groovy.runtime.callsite.AbstractCallSite.callConstructor(AbstractCallSite.java:247)
	at io.restassured.internal.assertion.AssertParameter.notNull(AssertParameter.groovy:26)
	at io.restassured.internal.assertion.AssertParameter$notNull.callStatic(Unknown Source)
	at io.restassured.internal.RequestSpecificationImpl.baseUri(RequestSpecificationImpl.groovy:748)
	at io.restassured.builder.RequestSpecBuilder.setBaseUri(RequestSpecBuilder.java:1347)
	at restassured.Framework.CommonSteps.I_set_baseURI_for_LumenDEVURL(CommonSteps.java:41)
	at ✽.And I set baseURI for LumenDEVURL(FeatureFilesLumen/TAA-15.feature:45)
</error>
  </testcase>
  <testcase classname="| /login/authenticate | bordy@truelogic.com.ph | Abcd123 | 8 | 400 | LoginAuthenticate_TS02_TC02 |" name="And I set basePath to /login/authenticate" time="0.001">
    <skipped/>
  </testcase>
  <testcase classname="| /login/authenticate | bordy@truelogic.com.ph | Abcd123 | 8 | 400 | LoginAuthenticate_TS02_TC02 |" name="And I add parameter Key as &quot;email&quot; and Value as bordy@truelogic.com.ph" time="0.001">
    <skipped/>
  </testcase>
  <testcase classname="| /login/authenticate | bordy@truelogic.com.ph | Abcd123 | 8 | 400 | LoginAuthenticate_TS02_TC02 |" name="And I add parameter Key as &quot;password&quot; and Value as Abcd123" time="0.001">
    <skipped/>
  </testcase>
  <testcase classname="| /login/authenticate | bordy@truelogic.com.ph | Abcd123 | 8 | 400 | LoginAuthenticate_TS02_TC02 |" name="And I add parameter Key as &quot;site_id&quot; and Value as 8" time="0.001">
    <skipped/>
  </testcase>
  <testcase classname="| /login/authenticate | bordy@truelogic.com.ph | Abcd123 | 8 | 400 | LoginAuthenticate_TS02_TC02 |" name="And I build RequestSpecification" time="0.001">
    <skipped/>
  </testcase>
  <testcase classname="| /login/authenticate | bordy@truelogic.com.ph | Abcd123 | 8 | 400 | LoginAuthenticate_TS02_TC02 |" name="And I execute a POST method" time="0.001">
    <skipped/>
  </testcase>
  <testcase classname="| /login/authenticate | bordy@truelogic.com.ph | Abcd123 | 8 | 400 | LoginAuthenticate_TS02_TC02 |" name="Then I receive a response with StatusCode 400 over LoginAuthenticate" time="0.001">
    <skipped/>
  </testcase>
  <testcase classname="| /login/authenticate | bordy@truelogic.com.ph | Abcd123 | 8 | 400 | LoginAuthenticate_TS02_TC02 |" name="And I see that response JSON is equal to LoginAuthenticate_TS02_TC02 over SignUp" time="0.001">
    <skipped/>
  </testcase>
  <testcase classname="| /login/authenticate | bordy@truelogic.com.ph | Abcd123 |  | 422 | LoginAuthenticate_TS02_TC03 |" name="Given Im an Account Manager" time="0"/>
  <testcase classname="| /login/authenticate | bordy@truelogic.com.ph | Abcd123 |  | 422 | LoginAuthenticate_TS02_TC03 |" name="When I draft RequestSpecBuilder" time="0"/>
  <testcase classname="| /login/authenticate | bordy@truelogic.com.ph | Abcd123 |  | 422 | LoginAuthenticate_TS02_TC03 |" name="And I set baseURI for LumenDEVURL" time="0.001">
    <error message="Base URI cannot be null" type="java.lang.IllegalArgumentException">java.lang.IllegalArgumentException: Base URI cannot be null
	at sun.reflect.NativeConstructorAccessorImpl.newInstance0(Native Method)
	at sun.reflect.NativeConstructorAccessorImpl.newInstance(NativeConstructorAccessorImpl.java:62)
	at sun.reflect.DelegatingConstructorAccessorImpl.newInstance(DelegatingConstructorAccessorImpl.java:45)
	at java.lang.reflect.Constructor.newInstance(Constructor.java:423)
	at org.codehaus.groovy.reflection.CachedConstructor.invoke(CachedConstructor.java:83)
	at org.codehaus.groovy.reflection.CachedConstructor.doConstructorInvoke(CachedConstructor.java:77)
	at org.codehaus.groovy.runtime.callsite.ConstructorSite$ConstructorSiteNoUnwrap.callConstructor(ConstructorSite.java:84)
	at org.codehaus.groovy.runtime.callsite.AbstractCallSite.callConstructor(AbstractCallSite.java:247)
	at io.restassured.internal.assertion.AssertParameter.notNull(AssertParameter.groovy:26)
	at io.restassured.internal.assertion.AssertParameter$notNull.callStatic(Unknown Source)
	at io.restassured.internal.RequestSpecificationImpl.baseUri(RequestSpecificationImpl.groovy:748)
	at io.restassured.builder.RequestSpecBuilder.setBaseUri(RequestSpecBuilder.java:1347)
	at restassured.Framework.CommonSteps.I_set_baseURI_for_LumenDEVURL(CommonSteps.java:41)
	at ✽.And I set baseURI for LumenDEVURL(FeatureFilesLumen/TAA-15.feature:45)
</error>
  </testcase>
  <testcase classname="| /login/authenticate | bordy@truelogic.com.ph | Abcd123 |  | 422 | LoginAuthenticate_TS02_TC03 |" name="| /login/authenticate | bordy@truelogic.com.ph | Abcd123 |  | 422 | LoginAuthenticate_TS02_TC03 |" time="0.001">
    <error message="Base URI cannot be null" type="java.lang.IllegalArgumentException">java.lang.IllegalArgumentException: Base URI cannot be null
	at sun.reflect.NativeConstructorAccessorImpl.newInstance0(Native Method)
	at sun.reflect.NativeConstructorAccessorImpl.newInstance(NativeConstructorAccessorImpl.java:62)
	at sun.reflect.DelegatingConstructorAccessorImpl.newInstance(DelegatingConstructorAccessorImpl.java:45)
	at java.lang.reflect.Constructor.newInstance(Constructor.java:423)
	at org.codehaus.groovy.reflection.CachedConstructor.invoke(CachedConstructor.java:83)
	at org.codehaus.groovy.reflection.CachedConstructor.doConstructorInvoke(CachedConstructor.java:77)
	at org.codehaus.groovy.runtime.callsite.ConstructorSite$ConstructorSiteNoUnwrap.callConstructor(ConstructorSite.java:84)
	at org.codehaus.groovy.runtime.callsite.AbstractCallSite.callConstructor(AbstractCallSite.java:247)
	at io.restassured.internal.assertion.AssertParameter.notNull(AssertParameter.groovy:26)
	at io.restassured.internal.assertion.AssertParameter$notNull.callStatic(Unknown Source)
	at io.restassured.internal.RequestSpecificationImpl.baseUri(RequestSpecificationImpl.groovy:748)
	at io.restassured.builder.RequestSpecBuilder.setBaseUri(RequestSpecBuilder.java:1347)
	at restassured.Framework.CommonSteps.I_set_baseURI_for_LumenDEVURL(CommonSteps.java:41)
	at ✽.And I set baseURI for LumenDEVURL(FeatureFilesLumen/TAA-15.feature:45)
</error>
  </testcase>
  <testcase classname="| /login/authenticate | bordy@truelogic.com.ph | Abcd123 |  | 422 | LoginAuthenticate_TS02_TC03 |" name="And I set basePath to /login/authenticate" time="0.001">
    <skipped/>
  </testcase>
  <testcase classname="| /login/authenticate | bordy@truelogic.com.ph | Abcd123 |  | 422 | LoginAuthenticate_TS02_TC03 |" name="And I add parameter Key as &quot;email&quot; and Value as bordy@truelogic.com.ph" time="0.001">
    <skipped/>
  </testcase>
  <testcase classname="| /login/authenticate | bordy@truelogic.com.ph | Abcd123 |  | 422 | LoginAuthenticate_TS02_TC03 |" name="And I add parameter Key as &quot;password&quot; and Value as Abcd123" time="0.001">
    <skipped/>
  </testcase>
  <testcase classname="| /login/authenticate | bordy@truelogic.com.ph | Abcd123 |  | 422 | LoginAuthenticate_TS02_TC03 |" name="And I add parameter Key as &quot;site_id&quot; and Value as " time="0.001">
    <skipped/>
  </testcase>
  <testcase classname="| /login/authenticate | bordy@truelogic.com.ph | Abcd123 |  | 422 | LoginAuthenticate_TS02_TC03 |" name="And I build RequestSpecification" time="0.001">
    <skipped/>
  </testcase>
  <testcase classname="| /login/authenticate | bordy@truelogic.com.ph | Abcd123 |  | 422 | LoginAuthenticate_TS02_TC03 |" name="And I execute a POST method" time="0.002">
    <skipped/>
  </testcase>
  <testcase classname="| /login/authenticate | bordy@truelogic.com.ph | Abcd123 |  | 422 | LoginAuthenticate_TS02_TC03 |" name="Then I receive a response with StatusCode 422 over LoginAuthenticate" time="0.002">
    <skipped/>
  </testcase>
  <testcase classname="| /login/authenticate | bordy@truelogic.com.ph | Abcd123 |  | 422 | LoginAuthenticate_TS02_TC03 |" name="And I see that response JSON is equal to LoginAuthenticate_TS02_TC03 over SignUp" time="0.002">
    <skipped/>
  </testcase>
  <testcase classname="| /signup | randomgenerator@truelogic.com.ph | Abcd1234 | Abcd1234 | 1 | 200 | SignUp_TS01_TC01 |" name="Given Im an Account Manager" time="0"/>
  <testcase classname="| /signup | randomgenerator@truelogic.com.ph | Abcd1234 | Abcd1234 | 1 | 200 | SignUp_TS01_TC01 |" name="When I draft RequestSpecBuilder" time="0"/>
  <testcase classname="| /signup | randomgenerator@truelogic.com.ph | Abcd1234 | Abcd1234 | 1 | 200 | SignUp_TS01_TC01 |" name="And I set baseURI for LumenDEVURL" time="0">
    <error message="Base URI cannot be null" type="java.lang.IllegalArgumentException">java.lang.IllegalArgumentException: Base URI cannot be null
	at sun.reflect.NativeConstructorAccessorImpl.newInstance0(Native Method)
	at sun.reflect.NativeConstructorAccessorImpl.newInstance(NativeConstructorAccessorImpl.java:62)
	at sun.reflect.DelegatingConstructorAccessorImpl.newInstance(DelegatingConstructorAccessorImpl.java:45)
	at java.lang.reflect.Constructor.newInstance(Constructor.java:423)
	at org.codehaus.groovy.reflection.CachedConstructor.invoke(CachedConstructor.java:83)
	at org.codehaus.groovy.reflection.CachedConstructor.doConstructorInvoke(CachedConstructor.java:77)
	at org.codehaus.groovy.runtime.callsite.ConstructorSite$ConstructorSiteNoUnwrap.callConstructor(ConstructorSite.java:84)
	at org.codehaus.groovy.runtime.callsite.AbstractCallSite.callConstructor(AbstractCallSite.java:247)
	at io.restassured.internal.assertion.AssertParameter.notNull(AssertParameter.groovy:26)
	at io.restassured.internal.assertion.AssertParameter$notNull.callStatic(Unknown Source)
	at io.restassured.internal.RequestSpecificationImpl.baseUri(RequestSpecificationImpl.groovy:748)
	at io.restassured.builder.RequestSpecBuilder.setBaseUri(RequestSpecBuilder.java:1347)
	at restassured.Framework.CommonSteps.I_set_baseURI_for_LumenDEVURL(CommonSteps.java:41)
	at ✽.And I set baseURI for LumenDEVURL(FeatureFilesLumen/TAA-15.feature:65)
</error>
  </testcase>
  <testcase classname="| /signup | randomgenerator@truelogic.com.ph | Abcd1234 | Abcd1234 | 1 | 200 | SignUp_TS01_TC01 |" name="| /signup | randomgenerator@truelogic.com.ph | Abcd1234 | Abcd1234 | 1 | 200 | SignUp_TS01_TC01 |" time="0">
    <error message="Base URI cannot be null" type="java.lang.IllegalArgumentException">java.lang.IllegalArgumentException: Base URI cannot be null
	at sun.reflect.NativeConstructorAccessorImpl.newInstance0(Native Method)
	at sun.reflect.NativeConstructorAccessorImpl.newInstance(NativeConstructorAccessorImpl.java:62)
	at sun.reflect.DelegatingConstructorAccessorImpl.newInstance(DelegatingConstructorAccessorImpl.java:45)
	at java.lang.reflect.Constructor.newInstance(Constructor.java:423)
	at org.codehaus.groovy.reflection.CachedConstructor.invoke(CachedConstructor.java:83)
	at org.codehaus.groovy.reflection.CachedConstructor.doConstructorInvoke(CachedConstructor.java:77)
	at org.codehaus.groovy.runtime.callsite.ConstructorSite$ConstructorSiteNoUnwrap.callConstructor(ConstructorSite.java:84)
	at org.codehaus.groovy.runtime.callsite.AbstractCallSite.callConstructor(AbstractCallSite.java:247)
	at io.restassured.internal.assertion.AssertParameter.notNull(AssertParameter.groovy:26)
	at io.restassured.internal.assertion.AssertParameter$notNull.callStatic(Unknown Source)
	at io.restassured.internal.RequestSpecificationImpl.baseUri(RequestSpecificationImpl.groovy:748)
	at io.restassured.builder.RequestSpecBuilder.setBaseUri(RequestSpecBuilder.java:1347)
	at restassured.Framework.CommonSteps.I_set_baseURI_for_LumenDEVURL(CommonSteps.java:41)
	at ✽.And I set baseURI for LumenDEVURL(FeatureFilesLumen/TAA-15.feature:65)
</error>
  </testcase>
  <testcase classname="| /signup | randomgenerator@truelogic.com.ph | Abcd1234 | Abcd1234 | 1 | 200 | SignUp_TS01_TC01 |" name="And I set basePath to /signup" time="0.001">
    <skipped/>
  </testcase>
  <testcase classname="| /signup | randomgenerator@truelogic.com.ph | Abcd1234 | Abcd1234 | 1 | 200 | SignUp_TS01_TC01 |" name="And I add parameter Key as &quot;password&quot; and Value as Abcd1234" time="0.001">
    <skipped/>
  </testcase>
  <testcase classname="| /signup | randomgenerator@truelogic.com.ph | Abcd1234 | Abcd1234 | 1 | 200 | SignUp_TS01_TC01 |" name="And I add parameter Key as &quot;confirmPassword&quot; and Value as Abcd1234" time="0.001">
    <skipped/>
  </testcase>
  <testcase classname="| /signup | randomgenerator@truelogic.com.ph | Abcd1234 | Abcd1234 | 1 | 200 | SignUp_TS01_TC01 |" name="And I add parameter Key as &quot;site_id&quot; and Value as 1" time="0.001">
    <skipped/>
  </testcase>
  <testcase classname="| /signup | randomgenerator@truelogic.com.ph | Abcd1234 | Abcd1234 | 1 | 200 | SignUp_TS01_TC01 |" name="And I add parameter Key as &quot;email&quot; and Value from randomgenerator over SignUp" time="0.001">
    <skipped/>
  </testcase>
  <testcase classname="| /signup | randomgenerator@truelogic.com.ph | Abcd1234 | Abcd1234 | 1 | 200 | SignUp_TS01_TC01 |" name="And I build RequestSpecification" time="0.001">
    <skipped/>
  </testcase>
  <testcase classname="| /signup | randomgenerator@truelogic.com.ph | Abcd1234 | Abcd1234 | 1 | 200 | SignUp_TS01_TC01 |" name="And I execute a POST method" time="0.001">
    <skipped/>
  </testcase>
  <testcase classname="| /signup | randomgenerator@truelogic.com.ph | Abcd1234 | Abcd1234 | 1 | 200 | SignUp_TS01_TC01 |" name="Then I receive a response with StatusCode 200 over SignUp" time="0.001">
    <skipped/>
  </testcase>
  <testcase classname="| /signup | randomgenerator@truelogic.com.ph | Abcd1234 | Abcd1234 | 1 | 200 | SignUp_TS01_TC01 |" name="And I see that response JSON is equal to SignUp_TS01_TC01 over SignUp" time="0.001">
    <skipped/>
  </testcase>
  <testcase classname="| /signup | randomgenerator@truelogic.com.ph | Abcd12346 | Abcd12345 | 1 | 422 | SignUp_TS01_TC02 |" name="Given Im an Account Manager" time="0"/>
  <testcase classname="| /signup | randomgenerator@truelogic.com.ph | Abcd12346 | Abcd12345 | 1 | 422 | SignUp_TS01_TC02 |" name="When I draft RequestSpecBuilder" time="0"/>
  <testcase classname="| /signup | randomgenerator@truelogic.com.ph | Abcd12346 | Abcd12345 | 1 | 422 | SignUp_TS01_TC02 |" name="And I set baseURI for LumenDEVURL" time="0">
    <error message="Base URI cannot be null" type="java.lang.IllegalArgumentException">java.lang.IllegalArgumentException: Base URI cannot be null
	at sun.reflect.NativeConstructorAccessorImpl.newInstance0(Native Method)
	at sun.reflect.NativeConstructorAccessorImpl.newInstance(NativeConstructorAccessorImpl.java:62)
	at sun.reflect.DelegatingConstructorAccessorImpl.newInstance(DelegatingConstructorAccessorImpl.java:45)
	at java.lang.reflect.Constructor.newInstance(Constructor.java:423)
	at org.codehaus.groovy.reflection.CachedConstructor.invoke(CachedConstructor.java:83)
	at org.codehaus.groovy.reflection.CachedConstructor.doConstructorInvoke(CachedConstructor.java:77)
	at org.codehaus.groovy.runtime.callsite.ConstructorSite$ConstructorSiteNoUnwrap.callConstructor(ConstructorSite.java:84)
	at org.codehaus.groovy.runtime.callsite.AbstractCallSite.callConstructor(AbstractCallSite.java:247)
	at io.restassured.internal.assertion.AssertParameter.notNull(AssertParameter.groovy:26)
	at io.restassured.internal.assertion.AssertParameter$notNull.callStatic(Unknown Source)
	at io.restassured.internal.RequestSpecificationImpl.baseUri(RequestSpecificationImpl.groovy:748)
	at io.restassured.builder.RequestSpecBuilder.setBaseUri(RequestSpecBuilder.java:1347)
	at restassured.Framework.CommonSteps.I_set_baseURI_for_LumenDEVURL(CommonSteps.java:41)
	at ✽.And I set baseURI for LumenDEVURL(FeatureFilesLumen/TAA-15.feature:65)
</error>
  </testcase>
  <testcase classname="| /signup | randomgenerator@truelogic.com.ph | Abcd12346 | Abcd12345 | 1 | 422 | SignUp_TS01_TC02 |" name="| /signup | randomgenerator@truelogic.com.ph | Abcd12346 | Abcd12345 | 1 | 422 | SignUp_TS01_TC02 |" time="0">
    <error message="Base URI cannot be null" type="java.lang.IllegalArgumentException">java.lang.IllegalArgumentException: Base URI cannot be null
	at sun.reflect.NativeConstructorAccessorImpl.newInstance0(Native Method)
	at sun.reflect.NativeConstructorAccessorImpl.newInstance(NativeConstructorAccessorImpl.java:62)
	at sun.reflect.DelegatingConstructorAccessorImpl.newInstance(DelegatingConstructorAccessorImpl.java:45)
	at java.lang.reflect.Constructor.newInstance(Constructor.java:423)
	at org.codehaus.groovy.reflection.CachedConstructor.invoke(CachedConstructor.java:83)
	at org.codehaus.groovy.reflection.CachedConstructor.doConstructorInvoke(CachedConstructor.java:77)
	at org.codehaus.groovy.runtime.callsite.ConstructorSite$ConstructorSiteNoUnwrap.callConstructor(ConstructorSite.java:84)
	at org.codehaus.groovy.runtime.callsite.AbstractCallSite.callConstructor(AbstractCallSite.java:247)
	at io.restassured.internal.assertion.AssertParameter.notNull(AssertParameter.groovy:26)
	at io.restassured.internal.assertion.AssertParameter$notNull.callStatic(Unknown Source)
	at io.restassured.internal.RequestSpecificationImpl.baseUri(RequestSpecificationImpl.groovy:748)
	at io.restassured.builder.RequestSpecBuilder.setBaseUri(RequestSpecBuilder.java:1347)
	at restassured.Framework.CommonSteps.I_set_baseURI_for_LumenDEVURL(CommonSteps.java:41)
	at ✽.And I set baseURI for LumenDEVURL(FeatureFilesLumen/TAA-15.feature:65)
</error>
  </testcase>
  <testcase classname="| /signup | randomgenerator@truelogic.com.ph | Abcd12346 | Abcd12345 | 1 | 422 | SignUp_TS01_TC02 |" name="And I set basePath to /signup" time="0">
    <skipped/>
  </testcase>
  <testcase classname="| /signup | randomgenerator@truelogic.com.ph | Abcd12346 | Abcd12345 | 1 | 422 | SignUp_TS01_TC02 |" name="And I add parameter Key as &quot;password&quot; and Value as Abcd12346" time="0">
    <skipped/>
  </testcase>
  <testcase classname="| /signup | randomgenerator@truelogic.com.ph | Abcd12346 | Abcd12345 | 1 | 422 | SignUp_TS01_TC02 |" name="And I add parameter Key as &quot;confirmPassword&quot; and Value as Abcd12345" time="0">
    <skipped/>
  </testcase>
  <testcase classname="| /signup | randomgenerator@truelogic.com.ph | Abcd12346 | Abcd12345 | 1 | 422 | SignUp_TS01_TC02 |" name="And I add parameter Key as &quot;site_id&quot; and Value as 1" time="0">
    <skipped/>
  </testcase>
  <testcase classname="| /signup | randomgenerator@truelogic.com.ph | Abcd12346 | Abcd12345 | 1 | 422 | SignUp_TS01_TC02 |" name="And I add parameter Key as &quot;email&quot; and Value from randomgenerator over SignUp" time="0.001">
    <skipped/>
  </testcase>
  <testcase classname="| /signup | randomgenerator@truelogic.com.ph | Abcd12346 | Abcd12345 | 1 | 422 | SignUp_TS01_TC02 |" name="And I build RequestSpecification" time="0.001">
    <skipped/>
  </testcase>
  <testcase classname="| /signup | randomgenerator@truelogic.com.ph | Abcd12346 | Abcd12345 | 1 | 422 | SignUp_TS01_TC02 |" name="And I execute a POST method" time="0.001">
    <skipped/>
  </testcase>
  <testcase classname="| /signup | randomgenerator@truelogic.com.ph | Abcd12346 | Abcd12345 | 1 | 422 | SignUp_TS01_TC02 |" name="Then I receive a response with StatusCode 422 over SignUp" time="0.001">
    <skipped/>
  </testcase>
  <testcase classname="| /signup | randomgenerator@truelogic.com.ph | Abcd12346 | Abcd12345 | 1 | 422 | SignUp_TS01_TC02 |" name="And I see that response JSON is equal to SignUp_TS01_TC02 over SignUp" time="0.001">
    <skipped/>
  </testcase>
  <testcase classname="| /signup | randomgenerator@truelogic.com.ph | Abcd123 | Abcd12345 | 1 | 422 | SignUp_TS01_TC03 |" name="Given Im an Account Manager" time="0"/>
  <testcase classname="| /signup | randomgenerator@truelogic.com.ph | Abcd123 | Abcd12345 | 1 | 422 | SignUp_TS01_TC03 |" name="When I draft RequestSpecBuilder" time="0"/>
  <testcase classname="| /signup | randomgenerator@truelogic.com.ph | Abcd123 | Abcd12345 | 1 | 422 | SignUp_TS01_TC03 |" name="And I set baseURI for LumenDEVURL" time="0">
    <error message="Base URI cannot be null" type="java.lang.IllegalArgumentException">java.lang.IllegalArgumentException: Base URI cannot be null
	at sun.reflect.NativeConstructorAccessorImpl.newInstance0(Native Method)
	at sun.reflect.NativeConstructorAccessorImpl.newInstance(NativeConstructorAccessorImpl.java:62)
	at sun.reflect.DelegatingConstructorAccessorImpl.newInstance(DelegatingConstructorAccessorImpl.java:45)
	at java.lang.reflect.Constructor.newInstance(Constructor.java:423)
	at org.codehaus.groovy.reflection.CachedConstructor.invoke(CachedConstructor.java:83)
	at org.codehaus.groovy.reflection.CachedConstructor.doConstructorInvoke(CachedConstructor.java:77)
	at org.codehaus.groovy.runtime.callsite.ConstructorSite$ConstructorSiteNoUnwrap.callConstructor(ConstructorSite.java:84)
	at org.codehaus.groovy.runtime.callsite.AbstractCallSite.callConstructor(AbstractCallSite.java:247)
	at io.restassured.internal.assertion.AssertParameter.notNull(AssertParameter.groovy:26)
	at io.restassured.internal.assertion.AssertParameter$notNull.callStatic(Unknown Source)
	at io.restassured.internal.RequestSpecificationImpl.baseUri(RequestSpecificationImpl.groovy:748)
	at io.restassured.builder.RequestSpecBuilder.setBaseUri(RequestSpecBuilder.java:1347)
	at restassured.Framework.CommonSteps.I_set_baseURI_for_LumenDEVURL(CommonSteps.java:41)
	at ✽.And I set baseURI for LumenDEVURL(FeatureFilesLumen/TAA-15.feature:65)
</error>
  </testcase>
  <testcase classname="| /signup | randomgenerator@truelogic.com.ph | Abcd123 | Abcd12345 | 1 | 422 | SignUp_TS01_TC03 |" name="| /signup | randomgenerator@truelogic.com.ph | Abcd123 | Abcd12345 | 1 | 422 | SignUp_TS01_TC03 |" time="0">
    <error message="Base URI cannot be null" type="java.lang.IllegalArgumentException">java.lang.IllegalArgumentException: Base URI cannot be null
	at sun.reflect.NativeConstructorAccessorImpl.newInstance0(Native Method)
	at sun.reflect.NativeConstructorAccessorImpl.newInstance(NativeConstructorAccessorImpl.java:62)
	at sun.reflect.DelegatingConstructorAccessorImpl.newInstance(DelegatingConstructorAccessorImpl.java:45)
	at java.lang.reflect.Constructor.newInstance(Constructor.java:423)
	at org.codehaus.groovy.reflection.CachedConstructor.invoke(CachedConstructor.java:83)
	at org.codehaus.groovy.reflection.CachedConstructor.doConstructorInvoke(CachedConstructor.java:77)
	at org.codehaus.groovy.runtime.callsite.ConstructorSite$ConstructorSiteNoUnwrap.callConstructor(ConstructorSite.java:84)
	at org.codehaus.groovy.runtime.callsite.AbstractCallSite.callConstructor(AbstractCallSite.java:247)
	at io.restassured.internal.assertion.AssertParameter.notNull(AssertParameter.groovy:26)
	at io.restassured.internal.assertion.AssertParameter$notNull.callStatic(Unknown Source)
	at io.restassured.internal.RequestSpecificationImpl.baseUri(RequestSpecificationImpl.groovy:748)
	at io.restassured.builder.RequestSpecBuilder.setBaseUri(RequestSpecBuilder.java:1347)
	at restassured.Framework.CommonSteps.I_set_baseURI_for_LumenDEVURL(CommonSteps.java:41)
	at ✽.And I set baseURI for LumenDEVURL(FeatureFilesLumen/TAA-15.feature:65)
</error>
  </testcase>
  <testcase classname="| /signup | randomgenerator@truelogic.com.ph | Abcd123 | Abcd12345 | 1 | 422 | SignUp_TS01_TC03 |" name="And I set basePath to /signup" time="0.001">
    <skipped/>
  </testcase>
  <testcase classname="| /signup | randomgenerator@truelogic.com.ph | Abcd123 | Abcd12345 | 1 | 422 | SignUp_TS01_TC03 |" name="And I add parameter Key as &quot;password&quot; and Value as Abcd123" time="0.001">
    <skipped/>
  </testcase>
  <testcase classname="| /signup | randomgenerator@truelogic.com.ph | Abcd123 | Abcd12345 | 1 | 422 | SignUp_TS01_TC03 |" name="And I add parameter Key as &quot;confirmPassword&quot; and Value as Abcd12345" time="0.001">
    <skipped/>
  </testcase>
  <testcase classname="| /signup | randomgenerator@truelogic.com.ph | Abcd123 | Abcd12345 | 1 | 422 | SignUp_TS01_TC03 |" name="And I add parameter Key as &quot;site_id&quot; and Value as 1" time="0.001">
    <skipped/>
  </testcase>
  <testcase classname="| /signup | randomgenerator@truelogic.com.ph | Abcd123 | Abcd12345 | 1 | 422 | SignUp_TS01_TC03 |" name="And I add parameter Key as &quot;email&quot; and Value from randomgenerator over SignUp" time="0.001">
    <skipped/>
  </testcase>
  <testcase classname="| /signup | randomgenerator@truelogic.com.ph | Abcd123 | Abcd12345 | 1 | 422 | SignUp_TS01_TC03 |" name="And I build RequestSpecification" time="0.001">
    <skipped/>
  </testcase>
  <testcase classname="| /signup | randomgenerator@truelogic.com.ph | Abcd123 | Abcd12345 | 1 | 422 | SignUp_TS01_TC03 |" name="And I execute a POST method" time="0.001">
    <skipped/>
  </testcase>
  <testcase classname="| /signup | randomgenerator@truelogic.com.ph | Abcd123 | Abcd12345 | 1 | 422 | SignUp_TS01_TC03 |" name="Then I receive a response with StatusCode 422 over SignUp" time="0.001">
    <skipped/>
  </testcase>
  <testcase classname="| /signup | randomgenerator@truelogic.com.ph | Abcd123 | Abcd12345 | 1 | 422 | SignUp_TS01_TC03 |" name="And I see that response JSON is equal to SignUp_TS01_TC03 over SignUp" time="0.002">
    <skipped/>
  </testcase>
  <testcase classname="| /signup | randomgenerator@truelogic.com.ph | Abcd1234 | Abcd1234 |  | 422 | SignUp_TS01_TC04 |" name="Given Im an Account Manager" time="0"/>
  <testcase classname="| /signup | randomgenerator@truelogic.com.ph | Abcd1234 | Abcd1234 |  | 422 | SignUp_TS01_TC04 |" name="When I draft RequestSpecBuilder" time="0"/>
  <testcase classname="| /signup | randomgenerator@truelogic.com.ph | Abcd1234 | Abcd1234 |  | 422 | SignUp_TS01_TC04 |" name="And I set baseURI for LumenDEVURL" time="0">
    <error message="Base URI cannot be null" type="java.lang.IllegalArgumentException">java.lang.IllegalArgumentException: Base URI cannot be null
	at sun.reflect.NativeConstructorAccessorImpl.newInstance0(Native Method)
	at sun.reflect.NativeConstructorAccessorImpl.newInstance(NativeConstructorAccessorImpl.java:62)
	at sun.reflect.DelegatingConstructorAccessorImpl.newInstance(DelegatingConstructorAccessorImpl.java:45)
	at java.lang.reflect.Constructor.newInstance(Constructor.java:423)
	at org.codehaus.groovy.reflection.CachedConstructor.invoke(CachedConstructor.java:83)
	at org.codehaus.groovy.reflection.CachedConstructor.doConstructorInvoke(CachedConstructor.java:77)
	at org.codehaus.groovy.runtime.callsite.ConstructorSite$ConstructorSiteNoUnwrap.callConstructor(ConstructorSite.java:84)
	at org.codehaus.groovy.runtime.callsite.AbstractCallSite.callConstructor(AbstractCallSite.java:247)
	at io.restassured.internal.assertion.AssertParameter.notNull(AssertParameter.groovy:26)
	at io.restassured.internal.assertion.AssertParameter$notNull.callStatic(Unknown Source)
	at io.restassured.internal.RequestSpecificationImpl.baseUri(RequestSpecificationImpl.groovy:748)
	at io.restassured.builder.RequestSpecBuilder.setBaseUri(RequestSpecBuilder.java:1347)
	at restassured.Framework.CommonSteps.I_set_baseURI_for_LumenDEVURL(CommonSteps.java:41)
	at ✽.And I set baseURI for LumenDEVURL(FeatureFilesLumen/TAA-15.feature:65)
</error>
  </testcase>
  <testcase classname="| /signup | randomgenerator@truelogic.com.ph | Abcd1234 | Abcd1234 |  | 422 | SignUp_TS01_TC04 |" name="| /signup | randomgenerator@truelogic.com.ph | Abcd1234 | Abcd1234 |  | 422 | SignUp_TS01_TC04 |" time="0">
    <error message="Base URI cannot be null" type="java.lang.IllegalArgumentException">java.lang.IllegalArgumentException: Base URI cannot be null
	at sun.reflect.NativeConstructorAccessorImpl.newInstance0(Native Method)
	at sun.reflect.NativeConstructorAccessorImpl.newInstance(NativeConstructorAccessorImpl.java:62)
	at sun.reflect.DelegatingConstructorAccessorImpl.newInstance(DelegatingConstructorAccessorImpl.java:45)
	at java.lang.reflect.Constructor.newInstance(Constructor.java:423)
	at org.codehaus.groovy.reflection.CachedConstructor.invoke(CachedConstructor.java:83)
	at org.codehaus.groovy.reflection.CachedConstructor.doConstructorInvoke(CachedConstructor.java:77)
	at org.codehaus.groovy.runtime.callsite.ConstructorSite$ConstructorSiteNoUnwrap.callConstructor(ConstructorSite.java:84)
	at org.codehaus.groovy.runtime.callsite.AbstractCallSite.callConstructor(AbstractCallSite.java:247)
	at io.restassured.internal.assertion.AssertParameter.notNull(AssertParameter.groovy:26)
	at io.restassured.internal.assertion.AssertParameter$notNull.callStatic(Unknown Source)
	at io.restassured.internal.RequestSpecificationImpl.baseUri(RequestSpecificationImpl.groovy:748)
	at io.restassured.builder.RequestSpecBuilder.setBaseUri(RequestSpecBuilder.java:1347)
	at restassured.Framework.CommonSteps.I_set_baseURI_for_LumenDEVURL(CommonSteps.java:41)
	at ✽.And I set baseURI for LumenDEVURL(FeatureFilesLumen/TAA-15.feature:65)
</error>
  </testcase>
  <testcase classname="| /signup | randomgenerator@truelogic.com.ph | Abcd1234 | Abcd1234 |  | 422 | SignUp_TS01_TC04 |" name="And I set basePath to /signup" time="0">
    <skipped/>
  </testcase>
  <testcase classname="| /signup | randomgenerator@truelogic.com.ph | Abcd1234 | Abcd1234 |  | 422 | SignUp_TS01_TC04 |" name="And I add parameter Key as &quot;password&quot; and Value as Abcd1234" time="0">
    <skipped/>
  </testcase>
  <testcase classname="| /signup | randomgenerator@truelogic.com.ph | Abcd1234 | Abcd1234 |  | 422 | SignUp_TS01_TC04 |" name="And I add parameter Key as &quot;confirmPassword&quot; and Value as Abcd1234" time="0">
    <skipped/>
  </testcase>
  <testcase classname="| /signup | randomgenerator@truelogic.com.ph | Abcd1234 | Abcd1234 |  | 422 | SignUp_TS01_TC04 |" name="And I add parameter Key as &quot;site_id&quot; and Value as " time="0.001">
    <skipped/>
  </testcase>
  <testcase classname="| /signup | randomgenerator@truelogic.com.ph | Abcd1234 | Abcd1234 |  | 422 | SignUp_TS01_TC04 |" name="And I add parameter Key as &quot;email&quot; and Value from randomgenerator over SignUp" time="0.001">
    <skipped/>
  </testcase>
  <testcase classname="| /signup | randomgenerator@truelogic.com.ph | Abcd1234 | Abcd1234 |  | 422 | SignUp_TS01_TC04 |" name="And I build RequestSpecification" time="0.001">
    <skipped/>
  </testcase>
  <testcase classname="| /signup | randomgenerator@truelogic.com.ph | Abcd1234 | Abcd1234 |  | 422 | SignUp_TS01_TC04 |" name="And I execute a POST method" time="0.001">
    <skipped/>
  </testcase>
  <testcase classname="| /signup | randomgenerator@truelogic.com.ph | Abcd1234 | Abcd1234 |  | 422 | SignUp_TS01_TC04 |" name="Then I receive a response with StatusCode 422 over SignUp" time="0.001">
    <skipped/>
  </testcase>
  <testcase classname="| /signup | randomgenerator@truelogic.com.ph | Abcd1234 | Abcd1234 |  | 422 | SignUp_TS01_TC04 |" name="And I see that response JSON is equal to SignUp_TS01_TC04 over SignUp" time="0.001">
    <skipped/>
  </testcase>
  <testcase classname="| /signup | randomgenerator@truelogic.com.ph | Abcd1234 | Abcd1234 | 1 | 200 | SignUp_TS01_TC01 |" name="Given Im an Account Manager" time="0"/>
  <testcase classname="| /signup | randomgenerator@truelogic.com.ph | Abcd1234 | Abcd1234 | 1 | 200 | SignUp_TS01_TC01 |" name="When I draft RequestSpecBuilder" time="0"/>
  <testcase classname="| /signup | randomgenerator@truelogic.com.ph | Abcd1234 | Abcd1234 | 1 | 200 | SignUp_TS01_TC01 |" name="And I set baseURI for LumenDEVURL" time="0">
    <error message="Base URI cannot be null" type="java.lang.IllegalArgumentException">java.lang.IllegalArgumentException: Base URI cannot be null
	at sun.reflect.NativeConstructorAccessorImpl.newInstance0(Native Method)
	at sun.reflect.NativeConstructorAccessorImpl.newInstance(NativeConstructorAccessorImpl.java:62)
	at sun.reflect.DelegatingConstructorAccessorImpl.newInstance(DelegatingConstructorAccessorImpl.java:45)
	at java.lang.reflect.Constructor.newInstance(Constructor.java:423)
	at org.codehaus.groovy.reflection.CachedConstructor.invoke(CachedConstructor.java:83)
	at org.codehaus.groovy.reflection.CachedConstructor.doConstructorInvoke(CachedConstructor.java:77)
	at org.codehaus.groovy.runtime.callsite.ConstructorSite$ConstructorSiteNoUnwrap.callConstructor(ConstructorSite.java:84)
	at org.codehaus.groovy.runtime.callsite.AbstractCallSite.callConstructor(AbstractCallSite.java:247)
	at io.restassured.internal.assertion.AssertParameter.notNull(AssertParameter.groovy:26)
	at io.restassured.internal.assertion.AssertParameter$notNull.callStatic(Unknown Source)
	at io.restassured.internal.RequestSpecificationImpl.baseUri(RequestSpecificationImpl.groovy:748)
	at io.restassured.builder.RequestSpecBuilder.setBaseUri(RequestSpecBuilder.java:1347)
	at restassured.Framework.CommonSteps.I_set_baseURI_for_LumenDEVURL(CommonSteps.java:41)
	at ✽.And I set baseURI for LumenDEVURL(FeatureFilesLumen/TAA-15.feature:87)
</error>
  </testcase>
  <testcase classname="| /signup | randomgenerator@truelogic.com.ph | Abcd1234 | Abcd1234 | 1 | 200 | SignUp_TS01_TC01 |" name="| /signup | randomgenerator@truelogic.com.ph | Abcd1234 | Abcd1234 | 1 | 200 | SignUp_TS01_TC01 |" time="0">
    <error message="Base URI cannot be null" type="java.lang.IllegalArgumentException">java.lang.IllegalArgumentException: Base URI cannot be null
	at sun.reflect.NativeConstructorAccessorImpl.newInstance0(Native Method)
	at sun.reflect.NativeConstructorAccessorImpl.newInstance(NativeConstructorAccessorImpl.java:62)
	at sun.reflect.DelegatingConstructorAccessorImpl.newInstance(DelegatingConstructorAccessorImpl.java:45)
	at java.lang.reflect.Constructor.newInstance(Constructor.java:423)
	at org.codehaus.groovy.reflection.CachedConstructor.invoke(CachedConstructor.java:83)
	at org.codehaus.groovy.reflection.CachedConstructor.doConstructorInvoke(CachedConstructor.java:77)
	at org.codehaus.groovy.runtime.callsite.ConstructorSite$ConstructorSiteNoUnwrap.callConstructor(ConstructorSite.java:84)
	at org.codehaus.groovy.runtime.callsite.AbstractCallSite.callConstructor(AbstractCallSite.java:247)
	at io.restassured.internal.assertion.AssertParameter.notNull(AssertParameter.groovy:26)
	at io.restassured.internal.assertion.AssertParameter$notNull.callStatic(Unknown Source)
	at io.restassured.internal.RequestSpecificationImpl.baseUri(RequestSpecificationImpl.groovy:748)
	at io.restassured.builder.RequestSpecBuilder.setBaseUri(RequestSpecBuilder.java:1347)
	at restassured.Framework.CommonSteps.I_set_baseURI_for_LumenDEVURL(CommonSteps.java:41)
	at ✽.And I set baseURI for LumenDEVURL(FeatureFilesLumen/TAA-15.feature:87)
</error>
  </testcase>
  <testcase classname="| /signup | randomgenerator@truelogic.com.ph | Abcd1234 | Abcd1234 | 1 | 200 | SignUp_TS01_TC01 |" name="And I set basePath to &quot;/login/authenticate&quot;" time="0.001">
    <skipped/>
  </testcase>
  <testcase classname="| /signup | randomgenerator@truelogic.com.ph | Abcd1234 | Abcd1234 | 1 | 200 | SignUp_TS01_TC01 |" name="And I add parameter Key as &quot;email&quot; and Value as &quot;bordy@truelogic.com.ph&quot;" time="0.001">
    <skipped/>
  </testcase>
  <testcase classname="| /signup | randomgenerator@truelogic.com.ph | Abcd1234 | Abcd1234 | 1 | 200 | SignUp_TS01_TC01 |" name="And I add parameter Key as &quot;password&quot; and Value as &quot;Abcd1234&quot;" time="0.001">
    <skipped/>
  </testcase>
  <testcase classname="| /signup | randomgenerator@truelogic.com.ph | Abcd1234 | Abcd1234 | 1 | 200 | SignUp_TS01_TC01 |" name="And I add parameter Key as &quot;site_id&quot; and Value as &quot;1&quot;" time="0.001">
    <skipped/>
  </testcase>
  <testcase classname="| /signup | randomgenerator@truelogic.com.ph | Abcd1234 | Abcd1234 | 1 | 200 | SignUp_TS01_TC01 |" name="And I build RequestSpecification" time="0.001">
    <skipped/>
  </testcase>
  <testcase classname="| /signup | randomgenerator@truelogic.com.ph | Abcd1234 | Abcd1234 | 1 | 200 | SignUp_TS01_TC01 |" name="And I execute a POST method" time="0.001">
    <skipped/>
  </testcase>
  <testcase classname="| /signup | randomgenerator@truelogic.com.ph | Abcd1234 | Abcd1234 | 1 | 200 | SignUp_TS01_TC01 |" name="And I attached response to JsonPath" time="0.001">
    <skipped/>
  </testcase>
  <testcase classname="| /signup | randomgenerator@truelogic.com.ph | Abcd1234 | Abcd1234 | 1 | 200 | SignUp_TS01_TC01 |" name="And I retrieve token" time="0.002">
    <skipped/>
  </testcase>
  <testcase classname="| /audits/web-audit | done | 10 | desc | 200 | AuditWebaudit_TS01_TC01 |" name="Given Im an Account Manager" time="0"/>
  <testcase classname="| /audits/web-audit | done | 10 | desc | 200 | AuditWebaudit_TS01_TC01 |" name="When I draft RequestSpecBuilder" time="0"/>
  <testcase classname="| /audits/web-audit | done | 10 | desc | 200 | AuditWebaudit_TS01_TC01 |" name="And I set baseURI for LumenDEVURL" time="0">
    <error message="Base URI cannot be null" type="java.lang.IllegalArgumentException">java.lang.IllegalArgumentException: Base URI cannot be null
	at sun.reflect.NativeConstructorAccessorImpl.newInstance0(Native Method)
	at sun.reflect.NativeConstructorAccessorImpl.newInstance(NativeConstructorAccessorImpl.java:62)
	at sun.reflect.DelegatingConstructorAccessorImpl.newInstance(DelegatingConstructorAccessorImpl.java:45)
	at java.lang.reflect.Constructor.newInstance(Constructor.java:423)
	at org.codehaus.groovy.reflection.CachedConstructor.invoke(CachedConstructor.java:83)
	at org.codehaus.groovy.reflection.CachedConstructor.doConstructorInvoke(CachedConstructor.java:77)
	at org.codehaus.groovy.runtime.callsite.ConstructorSite$ConstructorSiteNoUnwrap.callConstructor(ConstructorSite.java:84)
	at org.codehaus.groovy.runtime.callsite.AbstractCallSite.callConstructor(AbstractCallSite.java:247)
	at io.restassured.internal.assertion.AssertParameter.notNull(AssertParameter.groovy:26)
	at io.restassured.internal.assertion.AssertParameter$notNull.callStatic(Unknown Source)
	at io.restassured.internal.RequestSpecificationImpl.baseUri(RequestSpecificationImpl.groovy:748)
	at io.restassured.builder.RequestSpecBuilder.setBaseUri(RequestSpecBuilder.java:1347)
	at restassured.Framework.CommonSteps.I_set_baseURI_for_LumenDEVURL(CommonSteps.java:41)
	at ✽.And I set baseURI for LumenDEVURL(FeatureFilesLumen/TAA-16.feature:25)
</error>
  </testcase>
  <testcase classname="| /audits/web-audit | done | 10 | desc | 200 | AuditWebaudit_TS01_TC01 |" name="| /audits/web-audit | done | 10 | desc | 200 | AuditWebaudit_TS01_TC01 |" time="0">
    <error message="Base URI cannot be null" type="java.lang.IllegalArgumentException">java.lang.IllegalArgumentException: Base URI cannot be null
	at sun.reflect.NativeConstructorAccessorImpl.newInstance0(Native Method)
	at sun.reflect.NativeConstructorAccessorImpl.newInstance(NativeConstructorAccessorImpl.java:62)
	at sun.reflect.DelegatingConstructorAccessorImpl.newInstance(DelegatingConstructorAccessorImpl.java:45)
	at java.lang.reflect.Constructor.newInstance(Constructor.java:423)
	at org.codehaus.groovy.reflection.CachedConstructor.invoke(CachedConstructor.java:83)
	at org.codehaus.groovy.reflection.CachedConstructor.doConstructorInvoke(CachedConstructor.java:77)
	at org.codehaus.groovy.runtime.callsite.ConstructorSite$ConstructorSiteNoUnwrap.callConstructor(ConstructorSite.java:84)
	at org.codehaus.groovy.runtime.callsite.AbstractCallSite.callConstructor(AbstractCallSite.java:247)
	at io.restassured.internal.assertion.AssertParameter.notNull(AssertParameter.groovy:26)
	at io.restassured.internal.assertion.AssertParameter$notNull.callStatic(Unknown Source)
	at io.restassured.internal.RequestSpecificationImpl.baseUri(RequestSpecificationImpl.groovy:748)
	at io.restassured.builder.RequestSpecBuilder.setBaseUri(RequestSpecBuilder.java:1347)
	at restassured.Framework.CommonSteps.I_set_baseURI_for_LumenDEVURL(CommonSteps.java:41)
	at ✽.And I set baseURI for LumenDEVURL(FeatureFilesLumen/TAA-16.feature:25)
</error>
  </testcase>
  <testcase classname="| /audits/web-audit | done | 10 | desc | 200 | AuditWebaudit_TS01_TC01 |" name="And I set basePath to &quot;/login/authenticate&quot;" time="0">
    <skipped/>
  </testcase>
  <testcase classname="| /audits/web-audit | done | 10 | desc | 200 | AuditWebaudit_TS01_TC01 |" name="And I add parameter Key as &quot;email&quot; and Value as &quot;bordy@truelogic.com.ph&quot;" time="0">
    <skipped/>
  </testcase>
  <testcase classname="| /audits/web-audit | done | 10 | desc | 200 | AuditWebaudit_TS01_TC01 |" name="And I add parameter Key as &quot;password&quot; and Value as &quot;Abcd1234&quot;" time="0">
    <skipped/>
  </testcase>
  <testcase classname="| /audits/web-audit | done | 10 | desc | 200 | AuditWebaudit_TS01_TC01 |" name="And I add parameter Key as &quot;site_id&quot; and Value as &quot;8&quot;" time="0.001">
    <skipped/>
  </testcase>
  <testcase classname="| /audits/web-audit | done | 10 | desc | 200 | AuditWebaudit_TS01_TC01 |" name="And I build RequestSpecification" time="0.001">
    <skipped/>
  </testcase>
  <testcase classname="| /audits/web-audit | done | 10 | desc | 200 | AuditWebaudit_TS01_TC01 |" name="And I execute a POST method" time="0.001">
    <skipped/>
  </testcase>
  <testcase classname="| /audits/web-audit | done | 10 | desc | 200 | AuditWebaudit_TS01_TC01 |" name="And I attached response to JsonPath" time="0.001">
    <skipped/>
  </testcase>
  <testcase classname="| /audits/web-audit | done | 10 | desc | 200 | AuditWebaudit_TS01_TC01 |" name="And I retrieve token" time="0.001">
    <skipped/>
  </testcase>
  <testcase classname="| /audits/web-audit | done | 10 | desc | 200 | AuditWebaudit_TS01_TC01 |" name="And I draft RequestSpecBuilder" time="0.001">
    <skipped/>
  </testcase>
  <testcase classname="| /audits/web-audit | done | 10 | desc | 200 | AuditWebaudit_TS01_TC01 |" name="And I set baseURI for LumenDEVURL" time="0.001">
    <skipped/>
  </testcase>
  <testcase classname="| /audits/web-audit | done | 10 | desc | 200 | AuditWebaudit_TS01_TC01 |" name="And I set basePath to /audits/web-audit" time="0.001">
    <skipped/>
  </testcase>
  <testcase classname="| /audits/web-audit | done | 10 | desc | 200 | AuditWebaudit_TS01_TC01 |" name="And I add parameter Key as &quot;owner_id&quot; and Value as &quot;18805&quot;" time="0.001">
    <skipped/>
  </testcase>
  <testcase classname="| /audits/web-audit | done | 10 | desc | 200 | AuditWebaudit_TS01_TC01 |" name="And I add token to parameter" time="0.001">
    <skipped/>
  </testcase>
  <testcase classname="| /audits/web-audit | done | 10 | desc | 200 | AuditWebaudit_TS01_TC01 |" name="And I add parameter Key as &quot;site_id&quot; and Value as &quot;8&quot;" time="0.001">
    <skipped/>
  </testcase>
  <testcase classname="| /audits/web-audit | done | 10 | desc | 200 | AuditWebaudit_TS01_TC01 |" name="And I add parameter Key as &quot;type&quot; and Value as &quot;audit&quot;" time="0.001">
    <skipped/>
  </testcase>
  <testcase classname="| /audits/web-audit | done | 10 | desc | 200 | AuditWebaudit_TS01_TC01 |" name="And I add parameter Key as &quot;status_code&quot; and Value as done" time="0.002">
    <skipped/>
  </testcase>
  <testcase classname="| /audits/web-audit | done | 10 | desc | 200 | AuditWebaudit_TS01_TC01 |" name="And I add parameter Key as &quot;pagination_clause[pagination_limit]&quot; and Value as 10" time="0.002">
    <skipped/>
  </testcase>
  <testcase classname="| /audits/web-audit | done | 10 | desc | 200 | AuditWebaudit_TS01_TC01 |" name="And I add parameter Key as &quot;sql_clause[order_by][date_posted]&quot; and Value as desc" time="0.002">
    <skipped/>
  </testcase>
  <testcase classname="| /audits/web-audit | done | 10 | desc | 200 | AuditWebaudit_TS01_TC01 |" name="And I build RequestSpecification" time="0.002">
    <skipped/>
  </testcase>
  <testcase classname="| /audits/web-audit | done | 10 | desc | 200 | AuditWebaudit_TS01_TC01 |" name="And I execute a GET method" time="0.002">
    <skipped/>
  </testcase>
  <testcase classname="| /audits/web-audit | done | 10 | desc | 200 | AuditWebaudit_TS01_TC01 |" name="Then I receive a response with StatusCode 200 over AuditWebaudit" time="0.002">
    <skipped/>
  </testcase>
  <testcase classname="| /audits/web-audit | done | 10 | desc | 200 | AuditWebaudit_TS01_TC01 |" name="And I see that response JSON matches to AuditWebaudit_TS01_TC01 Schema over AuditWebaudit" time="0.002">
    <skipped/>
  </testcase>
  <testcase classname="| /audits/web-audit | done | 5 | desc | 200 | AuditWebaudit_TS01_TC02 |" name="Given Im an Account Manager" time="0"/>
  <testcase classname="| /audits/web-audit | done | 5 | desc | 200 | AuditWebaudit_TS01_TC02 |" name="When I draft RequestSpecBuilder" time="0"/>
  <testcase classname="| /audits/web-audit | done | 5 | desc | 200 | AuditWebaudit_TS01_TC02 |" name="And I set baseURI for LumenDEVURL" time="0">
    <error message="Base URI cannot be null" type="java.lang.IllegalArgumentException">java.lang.IllegalArgumentException: Base URI cannot be null
	at sun.reflect.NativeConstructorAccessorImpl.newInstance0(Native Method)
	at sun.reflect.NativeConstructorAccessorImpl.newInstance(NativeConstructorAccessorImpl.java:62)
	at sun.reflect.DelegatingConstructorAccessorImpl.newInstance(DelegatingConstructorAccessorImpl.java:45)
	at java.lang.reflect.Constructor.newInstance(Constructor.java:423)
	at org.codehaus.groovy.reflection.CachedConstructor.invoke(CachedConstructor.java:83)
	at org.codehaus.groovy.reflection.CachedConstructor.doConstructorInvoke(CachedConstructor.java:77)
	at org.codehaus.groovy.runtime.callsite.ConstructorSite$ConstructorSiteNoUnwrap.callConstructor(ConstructorSite.java:84)
	at org.codehaus.groovy.runtime.callsite.AbstractCallSite.callConstructor(AbstractCallSite.java:247)
	at io.restassured.internal.assertion.AssertParameter.notNull(AssertParameter.groovy:26)
	at io.restassured.internal.assertion.AssertParameter$notNull.callStatic(Unknown Source)
	at io.restassured.internal.RequestSpecificationImpl.baseUri(RequestSpecificationImpl.groovy:748)
	at io.restassured.builder.RequestSpecBuilder.setBaseUri(RequestSpecBuilder.java:1347)
	at restassured.Framework.CommonSteps.I_set_baseURI_for_LumenDEVURL(CommonSteps.java:41)
	at ✽.And I set baseURI for LumenDEVURL(FeatureFilesLumen/TAA-16.feature:25)
</error>
  </testcase>
  <testcase classname="| /audits/web-audit | done | 5 | desc | 200 | AuditWebaudit_TS01_TC02 |" name="| /audits/web-audit | done | 5 | desc | 200 | AuditWebaudit_TS01_TC02 |" time="0">
    <error message="Base URI cannot be null" type="java.lang.IllegalArgumentException">java.lang.IllegalArgumentException: Base URI cannot be null
	at sun.reflect.NativeConstructorAccessorImpl.newInstance0(Native Method)
	at sun.reflect.NativeConstructorAccessorImpl.newInstance(NativeConstructorAccessorImpl.java:62)
	at sun.reflect.DelegatingConstructorAccessorImpl.newInstance(DelegatingConstructorAccessorImpl.java:45)
	at java.lang.reflect.Constructor.newInstance(Constructor.java:423)
	at org.codehaus.groovy.reflection.CachedConstructor.invoke(CachedConstructor.java:83)
	at org.codehaus.groovy.reflection.CachedConstructor.doConstructorInvoke(CachedConstructor.java:77)
	at org.codehaus.groovy.runtime.callsite.ConstructorSite$ConstructorSiteNoUnwrap.callConstructor(ConstructorSite.java:84)
	at org.codehaus.groovy.runtime.callsite.AbstractCallSite.callConstructor(AbstractCallSite.java:247)
	at io.restassured.internal.assertion.AssertParameter.notNull(AssertParameter.groovy:26)
	at io.restassured.internal.assertion.AssertParameter$notNull.callStatic(Unknown Source)
	at io.restassured.internal.RequestSpecificationImpl.baseUri(RequestSpecificationImpl.groovy:748)
	at io.restassured.builder.RequestSpecBuilder.setBaseUri(RequestSpecBuilder.java:1347)
	at restassured.Framework.CommonSteps.I_set_baseURI_for_LumenDEVURL(CommonSteps.java:41)
	at ✽.And I set baseURI for LumenDEVURL(FeatureFilesLumen/TAA-16.feature:25)
</error>
  </testcase>
  <testcase classname="| /audits/web-audit | done | 5 | desc | 200 | AuditWebaudit_TS01_TC02 |" name="And I set basePath to &quot;/login/authenticate&quot;" time="0.001">
    <skipped/>
  </testcase>
  <testcase classname="| /audits/web-audit | done | 5 | desc | 200 | AuditWebaudit_TS01_TC02 |" name="And I add parameter Key as &quot;email&quot; and Value as &quot;bordy@truelogic.com.ph&quot;" time="0.001">
    <skipped/>
  </testcase>
  <testcase classname="| /audits/web-audit | done | 5 | desc | 200 | AuditWebaudit_TS01_TC02 |" name="And I add parameter Key as &quot;password&quot; and Value as &quot;Abcd1234&quot;" time="0.001">
    <skipped/>
  </testcase>
  <testcase classname="| /audits/web-audit | done | 5 | desc | 200 | AuditWebaudit_TS01_TC02 |" name="And I add parameter Key as &quot;site_id&quot; and Value as &quot;8&quot;" time="0.001">
    <skipped/>
  </testcase>
  <testcase classname="| /audits/web-audit | done | 5 | desc | 200 | AuditWebaudit_TS01_TC02 |" name="And I build RequestSpecification" time="0.001">
    <skipped/>
  </testcase>
  <testcase classname="| /audits/web-audit | done | 5 | desc | 200 | AuditWebaudit_TS01_TC02 |" name="And I execute a POST method" time="0.001">
    <skipped/>
  </testcase>
  <testcase classname="| /audits/web-audit | done | 5 | desc | 200 | AuditWebaudit_TS01_TC02 |" name="And I attached response to JsonPath" time="0.001">
    <skipped/>
  </testcase>
  <testcase classname="| /audits/web-audit | done | 5 | desc | 200 | AuditWebaudit_TS01_TC02 |" name="And I retrieve token" time="0.001">
    <skipped/>
  </testcase>
  <testcase classname="| /audits/web-audit | done | 5 | desc | 200 | AuditWebaudit_TS01_TC02 |" name="And I draft RequestSpecBuilder" time="0.001">
    <skipped/>
  </testcase>
  <testcase classname="| /audits/web-audit | done | 5 | desc | 200 | AuditWebaudit_TS01_TC02 |" name="And I set baseURI for LumenDEVURL" time="0.001">
    <skipped/>
  </testcase>
  <testcase classname="| /audits/web-audit | done | 5 | desc | 200 | AuditWebaudit_TS01_TC02 |" name="And I set basePath to /audits/web-audit" time="0.001">
    <skipped/>
  </testcase>
  <testcase classname="| /audits/web-audit | done | 5 | desc | 200 | AuditWebaudit_TS01_TC02 |" name="And I add parameter Key as &quot;owner_id&quot; and Value as &quot;18805&quot;" time="0.002">
    <skipped/>
  </testcase>
  <testcase classname="| /audits/web-audit | done | 5 | desc | 200 | AuditWebaudit_TS01_TC02 |" name="And I add token to parameter" time="0.002">
    <skipped/>
  </testcase>
  <testcase classname="| /audits/web-audit | done | 5 | desc | 200 | AuditWebaudit_TS01_TC02 |" name="And I add parameter Key as &quot;site_id&quot; and Value as &quot;8&quot;" time="0.002">
    <skipped/>
  </testcase>
  <testcase classname="| /audits/web-audit | done | 5 | desc | 200 | AuditWebaudit_TS01_TC02 |" name="And I add parameter Key as &quot;type&quot; and Value as &quot;audit&quot;" time="0.002">
    <skipped/>
  </testcase>
  <testcase classname="| /audits/web-audit | done | 5 | desc | 200 | AuditWebaudit_TS01_TC02 |" name="And I add parameter Key as &quot;status_code&quot; and Value as done" time="0.002">
    <skipped/>
  </testcase>
  <testcase classname="| /audits/web-audit | done | 5 | desc | 200 | AuditWebaudit_TS01_TC02 |" name="And I add parameter Key as &quot;pagination_clause[pagination_limit]&quot; and Value as 5" time="0.002">
    <skipped/>
  </testcase>
  <testcase classname="| /audits/web-audit | done | 5 | desc | 200 | AuditWebaudit_TS01_TC02 |" name="And I add parameter Key as &quot;sql_clause[order_by][date_posted]&quot; and Value as desc" time="0.002">
    <skipped/>
  </testcase>
  <testcase classname="| /audits/web-audit | done | 5 | desc | 200 | AuditWebaudit_TS01_TC02 |" name="And I build RequestSpecification" time="0.002">
    <skipped/>
  </testcase>
  <testcase classname="| /audits/web-audit | done | 5 | desc | 200 | AuditWebaudit_TS01_TC02 |" name="And I execute a GET method" time="0.002">
    <skipped/>
  </testcase>
  <testcase classname="| /audits/web-audit | done | 5 | desc | 200 | AuditWebaudit_TS01_TC02 |" name="Then I receive a response with StatusCode 200 over AuditWebaudit" time="0.002">
    <skipped/>
  </testcase>
  <testcase classname="| /audits/web-audit | done | 5 | desc | 200 | AuditWebaudit_TS01_TC02 |" name="And I see that response JSON matches to AuditWebaudit_TS01_TC02 Schema over AuditWebaudit" time="0.002">
    <skipped/>
  </testcase>
  <testcase classname="| /audits/web-audit | error | 2 | desc | 200 | AuditWebaudit_TS01_TC03 |" name="Given Im an Account Manager" time="0"/>
  <testcase classname="| /audits/web-audit | error | 2 | desc | 200 | AuditWebaudit_TS01_TC03 |" name="When I draft RequestSpecBuilder" time="0"/>
  <testcase classname="| /audits/web-audit | error | 2 | desc | 200 | AuditWebaudit_TS01_TC03 |" name="And I set baseURI for LumenDEVURL" time="0">
    <error message="Base URI cannot be null" type="java.lang.IllegalArgumentException">java.lang.IllegalArgumentException: Base URI cannot be null
	at sun.reflect.NativeConstructorAccessorImpl.newInstance0(Native Method)
	at sun.reflect.NativeConstructorAccessorImpl.newInstance(NativeConstructorAccessorImpl.java:62)
	at sun.reflect.DelegatingConstructorAccessorImpl.newInstance(DelegatingConstructorAccessorImpl.java:45)
	at java.lang.reflect.Constructor.newInstance(Constructor.java:423)
	at org.codehaus.groovy.reflection.CachedConstructor.invoke(CachedConstructor.java:83)
	at org.codehaus.groovy.reflection.CachedConstructor.doConstructorInvoke(CachedConstructor.java:77)
	at org.codehaus.groovy.runtime.callsite.ConstructorSite$ConstructorSiteNoUnwrap.callConstructor(ConstructorSite.java:84)
	at org.codehaus.groovy.runtime.callsite.AbstractCallSite.callConstructor(AbstractCallSite.java:247)
	at io.restassured.internal.assertion.AssertParameter.notNull(AssertParameter.groovy:26)
	at io.restassured.internal.assertion.AssertParameter$notNull.callStatic(Unknown Source)
	at io.restassured.internal.RequestSpecificationImpl.baseUri(RequestSpecificationImpl.groovy:748)
	at io.restassured.builder.RequestSpecBuilder.setBaseUri(RequestSpecBuilder.java:1347)
	at restassured.Framework.CommonSteps.I_set_baseURI_for_LumenDEVURL(CommonSteps.java:41)
	at ✽.And I set baseURI for LumenDEVURL(FeatureFilesLumen/TAA-16.feature:25)
</error>
  </testcase>
  <testcase classname="| /audits/web-audit | error | 2 | desc | 200 | AuditWebaudit_TS01_TC03 |" name="| /audits/web-audit | error | 2 | desc | 200 | AuditWebaudit_TS01_TC03 |" time="0">
    <error message="Base URI cannot be null" type="java.lang.IllegalArgumentException">java.lang.IllegalArgumentException: Base URI cannot be null
	at sun.reflect.NativeConstructorAccessorImpl.newInstance0(Native Method)
	at sun.reflect.NativeConstructorAccessorImpl.newInstance(NativeConstructorAccessorImpl.java:62)
	at sun.reflect.DelegatingConstructorAccessorImpl.newInstance(DelegatingConstructorAccessorImpl.java:45)
	at java.lang.reflect.Constructor.newInstance(Constructor.java:423)
	at org.codehaus.groovy.reflection.CachedConstructor.invoke(CachedConstructor.java:83)
	at org.codehaus.groovy.reflection.CachedConstructor.doConstructorInvoke(CachedConstructor.java:77)
	at org.codehaus.groovy.runtime.callsite.ConstructorSite$ConstructorSiteNoUnwrap.callConstructor(ConstructorSite.java:84)
	at org.codehaus.groovy.runtime.callsite.AbstractCallSite.callConstructor(AbstractCallSite.java:247)
	at io.restassured.internal.assertion.AssertParameter.notNull(AssertParameter.groovy:26)
	at io.restassured.internal.assertion.AssertParameter$notNull.callStatic(Unknown Source)
	at io.restassured.internal.RequestSpecificationImpl.baseUri(RequestSpecificationImpl.groovy:748)
	at io.restassured.builder.RequestSpecBuilder.setBaseUri(RequestSpecBuilder.java:1347)
	at restassured.Framework.CommonSteps.I_set_baseURI_for_LumenDEVURL(CommonSteps.java:41)
	at ✽.And I set baseURI for LumenDEVURL(FeatureFilesLumen/TAA-16.feature:25)
</error>
  </testcase>
  <testcase classname="| /audits/web-audit | error | 2 | desc | 200 | AuditWebaudit_TS01_TC03 |" name="And I set basePath to &quot;/login/authenticate&quot;" time="0.001">
    <skipped/>
  </testcase>
  <testcase classname="| /audits/web-audit | error | 2 | desc | 200 | AuditWebaudit_TS01_TC03 |" name="And I add parameter Key as &quot;email&quot; and Value as &quot;bordy@truelogic.com.ph&quot;" time="0.001">
    <skipped/>
  </testcase>
  <testcase classname="| /audits/web-audit | error | 2 | desc | 200 | AuditWebaudit_TS01_TC03 |" name="And I add parameter Key as &quot;password&quot; and Value as &quot;Abcd1234&quot;" time="0.001">
    <skipped/>
  </testcase>
  <testcase classname="| /audits/web-audit | error | 2 | desc | 200 | AuditWebaudit_TS01_TC03 |" name="And I add parameter Key as &quot;site_id&quot; and Value as &quot;8&quot;" time="0.001">
    <skipped/>
  </testcase>
  <testcase classname="| /audits/web-audit | error | 2 | desc | 200 | AuditWebaudit_TS01_TC03 |" name="And I build RequestSpecification" time="0.001">
    <skipped/>
  </testcase>
  <testcase classname="| /audits/web-audit | error | 2 | desc | 200 | AuditWebaudit_TS01_TC03 |" name="And I execute a POST method" time="0.001">
    <skipped/>
  </testcase>
  <testcase classname="| /audits/web-audit | error | 2 | desc | 200 | AuditWebaudit_TS01_TC03 |" name="And I attached response to JsonPath" time="0.001">
    <skipped/>
  </testcase>
  <testcase classname="| /audits/web-audit | error | 2 | desc | 200 | AuditWebaudit_TS01_TC03 |" name="And I retrieve token" time="0.001">
    <skipped/>
  </testcase>
  <testcase classname="| /audits/web-audit | error | 2 | desc | 200 | AuditWebaudit_TS01_TC03 |" name="And I draft RequestSpecBuilder" time="0.001">
    <skipped/>
  </testcase>
  <testcase classname="| /audits/web-audit | error | 2 | desc | 200 | AuditWebaudit_TS01_TC03 |" name="And I set baseURI for LumenDEVURL" time="0.001">
    <skipped/>
  </testcase>
  <testcase classname="| /audits/web-audit | error | 2 | desc | 200 | AuditWebaudit_TS01_TC03 |" name="And I set basePath to /audits/web-audit" time="0.001">
    <skipped/>
  </testcase>
  <testcase classname="| /audits/web-audit | error | 2 | desc | 200 | AuditWebaudit_TS01_TC03 |" name="And I add parameter Key as &quot;owner_id&quot; and Value as &quot;18805&quot;" time="0.002">
    <skipped/>
  </testcase>
  <testcase classname="| /audits/web-audit | error | 2 | desc | 200 | AuditWebaudit_TS01_TC03 |" name="And I add token to parameter" time="0.002">
    <skipped/>
  </testcase>
  <testcase classname="| /audits/web-audit | error | 2 | desc | 200 | AuditWebaudit_TS01_TC03 |" name="And I add parameter Key as &quot;site_id&quot; and Value as &quot;8&quot;" time="0.002">
    <skipped/>
  </testcase>
  <testcase classname="| /audits/web-audit | error | 2 | desc | 200 | AuditWebaudit_TS01_TC03 |" name="And I add parameter Key as &quot;type&quot; and Value as &quot;audit&quot;" time="0.002">
    <skipped/>
  </testcase>
  <testcase classname="| /audits/web-audit | error | 2 | desc | 200 | AuditWebaudit_TS01_TC03 |" name="And I add parameter Key as &quot;status_code&quot; and Value as error" time="0.002">
    <skipped/>
  </testcase>
  <testcase classname="| /audits/web-audit | error | 2 | desc | 200 | AuditWebaudit_TS01_TC03 |" name="And I add parameter Key as &quot;pagination_clause[pagination_limit]&quot; and Value as 2" time="0.002">
    <skipped/>
  </testcase>
  <testcase classname="| /audits/web-audit | error | 2 | desc | 200 | AuditWebaudit_TS01_TC03 |" name="And I add parameter Key as &quot;sql_clause[order_by][date_posted]&quot; and Value as desc" time="0.002">
    <skipped/>
  </testcase>
  <testcase classname="| /audits/web-audit | error | 2 | desc | 200 | AuditWebaudit_TS01_TC03 |" name="And I build RequestSpecification" time="0.002">
    <skipped/>
  </testcase>
  <testcase classname="| /audits/web-audit | error | 2 | desc | 200 | AuditWebaudit_TS01_TC03 |" name="And I execute a GET method" time="0.002">
    <skipped/>
  </testcase>
  <testcase classname="| /audits/web-audit | error | 2 | desc | 200 | AuditWebaudit_TS01_TC03 |" name="Then I receive a response with StatusCode 200 over AuditWebaudit" time="0.002">
    <skipped/>
  </testcase>
  <testcase classname="| /audits/web-audit | error | 2 | desc | 200 | AuditWebaudit_TS01_TC03 |" name="And I see that response JSON matches to AuditWebaudit_TS01_TC03 Schema over AuditWebaudit" time="0.002">
    <skipped/>
  </testcase>
  <testcase classname="| /audits/web-audit | done | 10 | desc | 401 | AuditWebaudit_TS02_TC01 |" name="Given Im an Account Manager" time="0"/>
  <testcase classname="| /audits/web-audit | done | 10 | desc | 401 | AuditWebaudit_TS02_TC01 |" name="When I draft RequestSpecBuilder" time="0"/>
  <testcase classname="| /audits/web-audit | done | 10 | desc | 401 | AuditWebaudit_TS02_TC01 |" name="And I set baseURI for LumenDEVURL" time="0">
    <error message="Base URI cannot be null" type="java.lang.IllegalArgumentException">java.lang.IllegalArgumentException: Base URI cannot be null
	at sun.reflect.NativeConstructorAccessorImpl.newInstance0(Native Method)
	at sun.reflect.NativeConstructorAccessorImpl.newInstance(NativeConstructorAccessorImpl.java:62)
	at sun.reflect.DelegatingConstructorAccessorImpl.newInstance(DelegatingConstructorAccessorImpl.java:45)
	at java.lang.reflect.Constructor.newInstance(Constructor.java:423)
	at org.codehaus.groovy.reflection.CachedConstructor.invoke(CachedConstructor.java:83)
	at org.codehaus.groovy.reflection.CachedConstructor.doConstructorInvoke(CachedConstructor.java:77)
	at org.codehaus.groovy.runtime.callsite.ConstructorSite$ConstructorSiteNoUnwrap.callConstructor(ConstructorSite.java:84)
	at org.codehaus.groovy.runtime.callsite.AbstractCallSite.callConstructor(AbstractCallSite.java:247)
	at io.restassured.internal.assertion.AssertParameter.notNull(AssertParameter.groovy:26)
	at io.restassured.internal.assertion.AssertParameter$notNull.callStatic(Unknown Source)
	at io.restassured.internal.RequestSpecificationImpl.baseUri(RequestSpecificationImpl.groovy:748)
	at io.restassured.builder.RequestSpecBuilder.setBaseUri(RequestSpecBuilder.java:1347)
	at restassured.Framework.CommonSteps.I_set_baseURI_for_LumenDEVURL(CommonSteps.java:41)
	at ✽.And I set baseURI for LumenDEVURL(FeatureFilesLumen/TAA-16.feature:61)
</error>
  </testcase>
  <testcase classname="| /audits/web-audit | done | 10 | desc | 401 | AuditWebaudit_TS02_TC01 |" name="| /audits/web-audit | done | 10 | desc | 401 | AuditWebaudit_TS02_TC01 |" time="0.001">
    <error message="Base URI cannot be null" type="java.lang.IllegalArgumentException">java.lang.IllegalArgumentException: Base URI cannot be null
	at sun.reflect.NativeConstructorAccessorImpl.newInstance0(Native Method)
	at sun.reflect.NativeConstructorAccessorImpl.newInstance(NativeConstructorAccessorImpl.java:62)
	at sun.reflect.DelegatingConstructorAccessorImpl.newInstance(DelegatingConstructorAccessorImpl.java:45)
	at java.lang.reflect.Constructor.newInstance(Constructor.java:423)
	at org.codehaus.groovy.reflection.CachedConstructor.invoke(CachedConstructor.java:83)
	at org.codehaus.groovy.reflection.CachedConstructor.doConstructorInvoke(CachedConstructor.java:77)
	at org.codehaus.groovy.runtime.callsite.ConstructorSite$ConstructorSiteNoUnwrap.callConstructor(ConstructorSite.java:84)
	at org.codehaus.groovy.runtime.callsite.AbstractCallSite.callConstructor(AbstractCallSite.java:247)
	at io.restassured.internal.assertion.AssertParameter.notNull(AssertParameter.groovy:26)
	at io.restassured.internal.assertion.AssertParameter$notNull.callStatic(Unknown Source)
	at io.restassured.internal.RequestSpecificationImpl.baseUri(RequestSpecificationImpl.groovy:748)
	at io.restassured.builder.RequestSpecBuilder.setBaseUri(RequestSpecBuilder.java:1347)
	at restassured.Framework.CommonSteps.I_set_baseURI_for_LumenDEVURL(CommonSteps.java:41)
	at ✽.And I set baseURI for LumenDEVURL(FeatureFilesLumen/TAA-16.feature:61)
</error>
  </testcase>
  <testcase classname="| /audits/web-audit | done | 10 | desc | 401 | AuditWebaudit_TS02_TC01 |" name="And I set basePath to /audits/web-audit" time="0.001">
    <skipped/>
  </testcase>
  <testcase classname="| /audits/web-audit | done | 10 | desc | 401 | AuditWebaudit_TS02_TC01 |" name="And I add parameter Key as &quot;owner_id&quot; and Value as &quot;18805&quot;" time="0.001">
    <skipped/>
  </testcase>
  <testcase classname="| /audits/web-audit | done | 10 | desc | 401 | AuditWebaudit_TS02_TC01 |" name="And I add parameter Key as &quot;token&quot; and Value as &quot;eyJ0eXAiOiJKV1QiLCJhbGciOiJIUzI1NiJ9.eyJpc3MiOm51bGwsImlhdCI6MTUwMjQyNTg4NCwiZXhwIjoxNTAyNDI5NDg0LCJuYmYiOjE1MDI0MjU4ODQsImp0aSI6Ik1oN0VWNUF4SThiZ014MlciLCJzdWIiOjE4ODA1fQ.cAfLng0GhiREj3jaMjOkduG9SjevEEPoVHeF5aQcuTI&quot;" time="0.001">
    <skipped/>
  </testcase>
  <testcase classname="| /audits/web-audit | done | 10 | desc | 401 | AuditWebaudit_TS02_TC01 |" name="And I add parameter Key as &quot;site_id&quot; and Value as &quot;8&quot;" time="0.001">
    <skipped/>
  </testcase>
  <testcase classname="| /audits/web-audit | done | 10 | desc | 401 | AuditWebaudit_TS02_TC01 |" name="And I add parameter Key as &quot;type&quot; and Value as &quot;audit&quot;" time="0.001">
    <skipped/>
  </testcase>
  <testcase classname="| /audits/web-audit | done | 10 | desc | 401 | AuditWebaudit_TS02_TC01 |" name="And I add parameter Key as &quot;status_code&quot; and Value as done" time="0.001">
    <skipped/>
  </testcase>
  <testcase classname="| /audits/web-audit | done | 10 | desc | 401 | AuditWebaudit_TS02_TC01 |" name="And I add parameter Key as &quot;pagination_clause[pagination_limit]&quot; and Value as 10" time="0.001">
    <skipped/>
  </testcase>
  <testcase classname="| /audits/web-audit | done | 10 | desc | 401 | AuditWebaudit_TS02_TC01 |" name="And I add parameter Key as &quot;sql_clause[order_by][date_posted]&quot; and Value as desc" time="0.001">
    <skipped/>
  </testcase>
  <testcase classname="| /audits/web-audit | done | 10 | desc | 401 | AuditWebaudit_TS02_TC01 |" name="And I build RequestSpecification" time="0.002">
    <skipped/>
  </testcase>
  <testcase classname="| /audits/web-audit | done | 10 | desc | 401 | AuditWebaudit_TS02_TC01 |" name="And I execute a GET method" time="0.002">
    <skipped/>
  </testcase>
  <testcase classname="| /audits/web-audit | done | 10 | desc | 401 | AuditWebaudit_TS02_TC01 |" name="Then I receive a response with StatusCode 401 over AuditWebaudit" time="0.002">
    <skipped/>
  </testcase>
  <testcase classname="| /audits/web-audit | done | 10 | desc | 401 | AuditWebaudit_TS02_TC01 |" name="And I see that response JSON is equal to AuditWebaudit_TS02_TC01 over AuditWebaudit" time="0.002">
    <skipped/>
  </testcase>
  <testcase classname="| /audits/web-audit | done | 10 | desc | 401 | AuditWebaudit_TS03_TC01 |" name="Given Im an Account Manager" time="0"/>
  <testcase classname="| /audits/web-audit | done | 10 | desc | 401 | AuditWebaudit_TS03_TC01 |" name="When I draft RequestSpecBuilder" time="0"/>
  <testcase classname="| /audits/web-audit | done | 10 | desc | 401 | AuditWebaudit_TS03_TC01 |" name="And I set baseURI for LumenDEVURL" time="0">
    <error message="Base URI cannot be null" type="java.lang.IllegalArgumentException">java.lang.IllegalArgumentException: Base URI cannot be null
	at sun.reflect.NativeConstructorAccessorImpl.newInstance0(Native Method)
	at sun.reflect.NativeConstructorAccessorImpl.newInstance(NativeConstructorAccessorImpl.java:62)
	at sun.reflect.DelegatingConstructorAccessorImpl.newInstance(DelegatingConstructorAccessorImpl.java:45)
	at java.lang.reflect.Constructor.newInstance(Constructor.java:423)
	at org.codehaus.groovy.reflection.CachedConstructor.invoke(CachedConstructor.java:83)
	at org.codehaus.groovy.reflection.CachedConstructor.doConstructorInvoke(CachedConstructor.java:77)
	at org.codehaus.groovy.runtime.callsite.ConstructorSite$ConstructorSiteNoUnwrap.callConstructor(ConstructorSite.java:84)
	at org.codehaus.groovy.runtime.callsite.AbstractCallSite.callConstructor(AbstractCallSite.java:247)
	at io.restassured.internal.assertion.AssertParameter.notNull(AssertParameter.groovy:26)
	at io.restassured.internal.assertion.AssertParameter$notNull.callStatic(Unknown Source)
	at io.restassured.internal.RequestSpecificationImpl.baseUri(RequestSpecificationImpl.groovy:748)
	at io.restassured.builder.RequestSpecBuilder.setBaseUri(RequestSpecBuilder.java:1347)
	at restassured.Framework.CommonSteps.I_set_baseURI_for_LumenDEVURL(CommonSteps.java:41)
	at ✽.And I set baseURI for LumenDEVURL(FeatureFilesLumen/TAA-16.feature:84)
</error>
  </testcase>
  <testcase classname="| /audits/web-audit | done | 10 | desc | 401 | AuditWebaudit_TS03_TC01 |" name="| /audits/web-audit | done | 10 | desc | 401 | AuditWebaudit_TS03_TC01 |" time="0">
    <error message="Base URI cannot be null" type="java.lang.IllegalArgumentException">java.lang.IllegalArgumentException: Base URI cannot be null
	at sun.reflect.NativeConstructorAccessorImpl.newInstance0(Native Method)
	at sun.reflect.NativeConstructorAccessorImpl.newInstance(NativeConstructorAccessorImpl.java:62)
	at sun.reflect.DelegatingConstructorAccessorImpl.newInstance(DelegatingConstructorAccessorImpl.java:45)
	at java.lang.reflect.Constructor.newInstance(Constructor.java:423)
	at org.codehaus.groovy.reflection.CachedConstructor.invoke(CachedConstructor.java:83)
	at org.codehaus.groovy.reflection.CachedConstructor.doConstructorInvoke(CachedConstructor.java:77)
	at org.codehaus.groovy.runtime.callsite.ConstructorSite$ConstructorSiteNoUnwrap.callConstructor(ConstructorSite.java:84)
	at org.codehaus.groovy.runtime.callsite.AbstractCallSite.callConstructor(AbstractCallSite.java:247)
	at io.restassured.internal.assertion.AssertParameter.notNull(AssertParameter.groovy:26)
	at io.restassured.internal.assertion.AssertParameter$notNull.callStatic(Unknown Source)
	at io.restassured.internal.RequestSpecificationImpl.baseUri(RequestSpecificationImpl.groovy:748)
	at io.restassured.builder.RequestSpecBuilder.setBaseUri(RequestSpecBuilder.java:1347)
	at restassured.Framework.CommonSteps.I_set_baseURI_for_LumenDEVURL(CommonSteps.java:41)
	at ✽.And I set baseURI for LumenDEVURL(FeatureFilesLumen/TAA-16.feature:84)
</error>
  </testcase>
  <testcase classname="| /audits/web-audit | done | 10 | desc | 401 | AuditWebaudit_TS03_TC01 |" name="And I set basePath to /audits/web-audit" time="0.001">
    <skipped/>
  </testcase>
  <testcase classname="| /audits/web-audit | done | 10 | desc | 401 | AuditWebaudit_TS03_TC01 |" name="And I add parameter Key as &quot;owner_id&quot; and Value as &quot;18805&quot;" time="0.001">
    <skipped/>
  </testcase>
  <testcase classname="| /audits/web-audit | done | 10 | desc | 401 | AuditWebaudit_TS03_TC01 |" name="And I add parameter Key as &quot;token&quot; and Value as &quot;cAfLng0GhiREj3jaMjOkduG9SjevEEPoVHeF5aQcuTI&quot;" time="0.001">
    <skipped/>
  </testcase>
  <testcase classname="| /audits/web-audit | done | 10 | desc | 401 | AuditWebaudit_TS03_TC01 |" name="And I add parameter Key as &quot;site_id&quot; and Value as &quot;8&quot;" time="0.001">
    <skipped/>
  </testcase>
  <testcase classname="| /audits/web-audit | done | 10 | desc | 401 | AuditWebaudit_TS03_TC01 |" name="And I add parameter Key as &quot;type&quot; and Value as &quot;audit&quot;" time="0.001">
    <skipped/>
  </testcase>
  <testcase classname="| /audits/web-audit | done | 10 | desc | 401 | AuditWebaudit_TS03_TC01 |" name="And I add parameter Key as &quot;status_code&quot; and Value as done" time="0.001">
    <skipped/>
  </testcase>
  <testcase classname="| /audits/web-audit | done | 10 | desc | 401 | AuditWebaudit_TS03_TC01 |" name="And I add parameter Key as &quot;pagination_clause[pagination_limit]&quot; and Value as 10" time="0.001">
    <skipped/>
  </testcase>
  <testcase classname="| /audits/web-audit | done | 10 | desc | 401 | AuditWebaudit_TS03_TC01 |" name="And I add parameter Key as &quot;sql_clause[order_by][date_posted]&quot; and Value as desc" time="0.001">
    <skipped/>
  </testcase>
  <testcase classname="| /audits/web-audit | done | 10 | desc | 401 | AuditWebaudit_TS03_TC01 |" name="And I build RequestSpecification" time="0.001">
    <skipped/>
  </testcase>
  <testcase classname="| /audits/web-audit | done | 10 | desc | 401 | AuditWebaudit_TS03_TC01 |" name="And I execute a GET method" time="0.001">
    <skipped/>
  </testcase>
  <testcase classname="| /audits/web-audit | done | 10 | desc | 401 | AuditWebaudit_TS03_TC01 |" name="Then I receive a response with StatusCode 401 over AuditWebaudit" time="0.001">
    <skipped/>
  </testcase>
  <testcase classname="| /audits/web-audit | done | 10 | desc | 401 | AuditWebaudit_TS03_TC01 |" name="And I see that response JSON is equal to AuditWebaudit_TS03_TC01 over AuditWebaudit" time="0.002">
    <skipped/>
  </testcase>
  <testcase classname="| audits/generate-audit | http://www.felipeandsons.com/ | 0 | 200 |" name="Given Im an Account Manager" time="0"/>
  <testcase classname="| audits/generate-audit | http://www.felipeandsons.com/ | 0 | 200 |" name="When I draft RequestSpecBuilder" time="0"/>
  <testcase classname="| audits/generate-audit | http://www.felipeandsons.com/ | 0 | 200 |" name="And I set baseURI for LumenDEVURL" time="0">
    <error message="Base URI cannot be null" type="java.lang.IllegalArgumentException">java.lang.IllegalArgumentException: Base URI cannot be null
	at sun.reflect.NativeConstructorAccessorImpl.newInstance0(Native Method)
	at sun.reflect.NativeConstructorAccessorImpl.newInstance(NativeConstructorAccessorImpl.java:62)
	at sun.reflect.DelegatingConstructorAccessorImpl.newInstance(DelegatingConstructorAccessorImpl.java:45)
	at java.lang.reflect.Constructor.newInstance(Constructor.java:423)
	at org.codehaus.groovy.reflection.CachedConstructor.invoke(CachedConstructor.java:83)
	at org.codehaus.groovy.reflection.CachedConstructor.doConstructorInvoke(CachedConstructor.java:77)
	at org.codehaus.groovy.runtime.callsite.ConstructorSite$ConstructorSiteNoUnwrap.callConstructor(ConstructorSite.java:84)
	at org.codehaus.groovy.runtime.callsite.AbstractCallSite.callConstructor(AbstractCallSite.java:247)
	at io.restassured.internal.assertion.AssertParameter.notNull(AssertParameter.groovy:26)
	at io.restassured.internal.assertion.AssertParameter$notNull.callStatic(Unknown Source)
	at io.restassured.internal.RequestSpecificationImpl.baseUri(RequestSpecificationImpl.groovy:748)
	at io.restassured.builder.RequestSpecBuilder.setBaseUri(RequestSpecBuilder.java:1347)
	at restassured.Framework.CommonSteps.I_set_baseURI_for_LumenDEVURL(CommonSteps.java:41)
	at ✽.And I set baseURI for LumenDEVURL(FeatureFilesLumen/TAA-17.feature:25)
</error>
  </testcase>
  <testcase classname="| audits/generate-audit | http://www.felipeandsons.com/ | 0 | 200 |" name="| audits/generate-audit | http://www.felipeandsons.com/ | 0 | 200 |" time="0.001">
    <error message="Base URI cannot be null" type="java.lang.IllegalArgumentException">java.lang.IllegalArgumentException: Base URI cannot be null
	at sun.reflect.NativeConstructorAccessorImpl.newInstance0(Native Method)
	at sun.reflect.NativeConstructorAccessorImpl.newInstance(NativeConstructorAccessorImpl.java:62)
	at sun.reflect.DelegatingConstructorAccessorImpl.newInstance(DelegatingConstructorAccessorImpl.java:45)
	at java.lang.reflect.Constructor.newInstance(Constructor.java:423)
	at org.codehaus.groovy.reflection.CachedConstructor.invoke(CachedConstructor.java:83)
	at org.codehaus.groovy.reflection.CachedConstructor.doConstructorInvoke(CachedConstructor.java:77)
	at org.codehaus.groovy.runtime.callsite.ConstructorSite$ConstructorSiteNoUnwrap.callConstructor(ConstructorSite.java:84)
	at org.codehaus.groovy.runtime.callsite.AbstractCallSite.callConstructor(AbstractCallSite.java:247)
	at io.restassured.internal.assertion.AssertParameter.notNull(AssertParameter.groovy:26)
	at io.restassured.internal.assertion.AssertParameter$notNull.callStatic(Unknown Source)
	at io.restassured.internal.RequestSpecificationImpl.baseUri(RequestSpecificationImpl.groovy:748)
	at io.restassured.builder.RequestSpecBuilder.setBaseUri(RequestSpecBuilder.java:1347)
	at restassured.Framework.CommonSteps.I_set_baseURI_for_LumenDEVURL(CommonSteps.java:41)
	at ✽.And I set baseURI for LumenDEVURL(FeatureFilesLumen/TAA-17.feature:25)
</error>
  </testcase>
  <testcase classname="| audits/generate-audit | http://www.felipeandsons.com/ | 0 | 200 |" name="And I set basePath to &quot;/login/authenticate&quot;" time="0.001">
    <skipped/>
  </testcase>
  <testcase classname="| audits/generate-audit | http://www.felipeandsons.com/ | 0 | 200 |" name="And I add parameter Key as &quot;email&quot; and Value as &quot;bordy@truelogic.com.ph&quot;" time="0.001">
    <skipped/>
  </testcase>
  <testcase classname="| audits/generate-audit | http://www.felipeandsons.com/ | 0 | 200 |" name="And I add parameter Key as &quot;password&quot; and Value as &quot;Abcd1234&quot;" time="0.001">
    <skipped/>
  </testcase>
  <testcase classname="| audits/generate-audit | http://www.felipeandsons.com/ | 0 | 200 |" name="And I add parameter Key as &quot;site_id&quot; and Value as &quot;8&quot;" time="0.001">
    <skipped/>
  </testcase>
  <testcase classname="| audits/generate-audit | http://www.felipeandsons.com/ | 0 | 200 |" name="And I build RequestSpecification" time="0.001">
    <skipped/>
  </testcase>
  <testcase classname="| audits/generate-audit | http://www.felipeandsons.com/ | 0 | 200 |" name="And I execute a POST method" time="0.001">
    <skipped/>
  </testcase>
  <testcase classname="| audits/generate-audit | http://www.felipeandsons.com/ | 0 | 200 |" name="And I attached response to JsonPath" time="0.001">
    <skipped/>
  </testcase>
  <testcase classname="| audits/generate-audit | http://www.felipeandsons.com/ | 0 | 200 |" name="And I retrieve token" time="0.001">
    <skipped/>
  </testcase>
  <testcase classname="| audits/generate-audit | http://www.felipeandsons.com/ | 0 | 200 |" name="And I draft RequestSpecBuilder" time="0.001">
    <skipped/>
  </testcase>
  <testcase classname="| audits/generate-audit | http://www.felipeandsons.com/ | 0 | 200 |" name="And I set baseURI for LumenDEVURL" time="0.001">
    <skipped/>
  </testcase>
  <testcase classname="| audits/generate-audit | http://www.felipeandsons.com/ | 0 | 200 |" name="And I set basePath to audits/generate-audit" time="0.001">
    <skipped/>
  </testcase>
  <testcase classname="| audits/generate-audit | http://www.felipeandsons.com/ | 0 | 200 |" name="And I add parameter Key as &quot;url&quot; and Value as http://www.felipeandsons.com/" time="0.002">
    <skipped/>
  </testcase>
  <testcase classname="| audits/generate-audit | http://www.felipeandsons.com/ | 0 | 200 |" name="And I add parameter Key as &quot;user_id&quot; and Value as &quot;18805&quot;" time="0.002">
    <skipped/>
  </testcase>
  <testcase classname="| audits/generate-audit | http://www.felipeandsons.com/ | 0 | 200 |" name="And I add parameter Key as &quot;logo&quot; and Value as &quot;&quot;" time="0.002">
    <skipped/>
  </testcase>
  <testcase classname="| audits/generate-audit | http://www.felipeandsons.com/ | 0 | 200 |" name="And I add auditToken to parameter over Generateaudit" time="0.002">
    <skipped/>
  </testcase>
  <testcase classname="| audits/generate-audit | http://www.felipeandsons.com/ | 0 | 200 |" name="And I add parameter Key as &quot;reanalyze&quot; and Value as 0" time="0.002">
    <skipped/>
  </testcase>
  <testcase classname="| audits/generate-audit | http://www.felipeandsons.com/ | 0 | 200 |" name="And I add token to parameter" time="0.002">
    <skipped/>
  </testcase>
  <testcase classname="| audits/generate-audit | http://www.felipeandsons.com/ | 0 | 200 |" name="And I add parameter Key as &quot;site_id&quot; and Value as &quot;8&quot;" time="0.002">
    <skipped/>
  </testcase>
  <testcase classname="| audits/generate-audit | http://www.felipeandsons.com/ | 0 | 200 |" name="And I build RequestSpecification" time="0.002">
    <skipped/>
  </testcase>
  <testcase classname="| audits/generate-audit | http://www.felipeandsons.com/ | 0 | 200 |" name="And I execute a POST method" time="0.002">
    <skipped/>
  </testcase>
  <testcase classname="| audits/generate-audit | http://www.felipeandsons.com/ | 0 | 200 |" name="Then I receive a response with StatusCode 200 over Generateaudit" time="0.002">
    <skipped/>
  </testcase>
  <testcase classname="| audits/generate-audit | http://www.felipeandsons.com/ | 1 | 200 |" name="Given Im an Account Manager" time="0"/>
  <testcase classname="| audits/generate-audit | http://www.felipeandsons.com/ | 1 | 200 |" name="When I draft RequestSpecBuilder" time="0"/>
  <testcase classname="| audits/generate-audit | http://www.felipeandsons.com/ | 1 | 200 |" name="And I set baseURI for LumenDEVURL" time="0">
    <error message="Base URI cannot be null" type="java.lang.IllegalArgumentException">java.lang.IllegalArgumentException: Base URI cannot be null
	at sun.reflect.NativeConstructorAccessorImpl.newInstance0(Native Method)
	at sun.reflect.NativeConstructorAccessorImpl.newInstance(NativeConstructorAccessorImpl.java:62)
	at sun.reflect.DelegatingConstructorAccessorImpl.newInstance(DelegatingConstructorAccessorImpl.java:45)
	at java.lang.reflect.Constructor.newInstance(Constructor.java:423)
	at org.codehaus.groovy.reflection.CachedConstructor.invoke(CachedConstructor.java:83)
	at org.codehaus.groovy.reflection.CachedConstructor.doConstructorInvoke(CachedConstructor.java:77)
	at org.codehaus.groovy.runtime.callsite.ConstructorSite$ConstructorSiteNoUnwrap.callConstructor(ConstructorSite.java:84)
	at org.codehaus.groovy.runtime.callsite.AbstractCallSite.callConstructor(AbstractCallSite.java:247)
	at io.restassured.internal.assertion.AssertParameter.notNull(AssertParameter.groovy:26)
	at io.restassured.internal.assertion.AssertParameter$notNull.callStatic(Unknown Source)
	at io.restassured.internal.RequestSpecificationImpl.baseUri(RequestSpecificationImpl.groovy:748)
	at io.restassured.builder.RequestSpecBuilder.setBaseUri(RequestSpecBuilder.java:1347)
	at restassured.Framework.CommonSteps.I_set_baseURI_for_LumenDEVURL(CommonSteps.java:41)
	at ✽.And I set baseURI for LumenDEVURL(FeatureFilesLumen/TAA-17.feature:25)
</error>
  </testcase>
  <testcase classname="| audits/generate-audit | http://www.felipeandsons.com/ | 1 | 200 |" name="| audits/generate-audit | http://www.felipeandsons.com/ | 1 | 200 |" time="0">
    <error message="Base URI cannot be null" type="java.lang.IllegalArgumentException">java.lang.IllegalArgumentException: Base URI cannot be null
	at sun.reflect.NativeConstructorAccessorImpl.newInstance0(Native Method)
	at sun.reflect.NativeConstructorAccessorImpl.newInstance(NativeConstructorAccessorImpl.java:62)
	at sun.reflect.DelegatingConstructorAccessorImpl.newInstance(DelegatingConstructorAccessorImpl.java:45)
	at java.lang.reflect.Constructor.newInstance(Constructor.java:423)
	at org.codehaus.groovy.reflection.CachedConstructor.invoke(CachedConstructor.java:83)
	at org.codehaus.groovy.reflection.CachedConstructor.doConstructorInvoke(CachedConstructor.java:77)
	at org.codehaus.groovy.runtime.callsite.ConstructorSite$ConstructorSiteNoUnwrap.callConstructor(ConstructorSite.java:84)
	at org.codehaus.groovy.runtime.callsite.AbstractCallSite.callConstructor(AbstractCallSite.java:247)
	at io.restassured.internal.assertion.AssertParameter.notNull(AssertParameter.groovy:26)
	at io.restassured.internal.assertion.AssertParameter$notNull.callStatic(Unknown Source)
	at io.restassured.internal.RequestSpecificationImpl.baseUri(RequestSpecificationImpl.groovy:748)
	at io.restassured.builder.RequestSpecBuilder.setBaseUri(RequestSpecBuilder.java:1347)
	at restassured.Framework.CommonSteps.I_set_baseURI_for_LumenDEVURL(CommonSteps.java:41)
	at ✽.And I set baseURI for LumenDEVURL(FeatureFilesLumen/TAA-17.feature:25)
</error>
  </testcase>
  <testcase classname="| audits/generate-audit | http://www.felipeandsons.com/ | 1 | 200 |" name="And I set basePath to &quot;/login/authenticate&quot;" time="0">
    <skipped/>
  </testcase>
  <testcase classname="| audits/generate-audit | http://www.felipeandsons.com/ | 1 | 200 |" name="And I add parameter Key as &quot;email&quot; and Value as &quot;bordy@truelogic.com.ph&quot;" time="0">
    <skipped/>
  </testcase>
  <testcase classname="| audits/generate-audit | http://www.felipeandsons.com/ | 1 | 200 |" name="And I add parameter Key as &quot;password&quot; and Value as &quot;Abcd1234&quot;" time="0">
    <skipped/>
  </testcase>
  <testcase classname="| audits/generate-audit | http://www.felipeandsons.com/ | 1 | 200 |" name="And I add parameter Key as &quot;site_id&quot; and Value as &quot;8&quot;" time="0">
    <skipped/>
  </testcase>
  <testcase classname="| audits/generate-audit | http://www.felipeandsons.com/ | 1 | 200 |" name="And I build RequestSpecification" time="0">
    <skipped/>
  </testcase>
  <testcase classname="| audits/generate-audit | http://www.felipeandsons.com/ | 1 | 200 |" name="And I execute a POST method" time="0.001">
    <skipped/>
  </testcase>
  <testcase classname="| audits/generate-audit | http://www.felipeandsons.com/ | 1 | 200 |" name="And I attached response to JsonPath" time="0.001">
    <skipped/>
  </testcase>
  <testcase classname="| audits/generate-audit | http://www.felipeandsons.com/ | 1 | 200 |" name="And I retrieve token" time="0.001">
    <skipped/>
  </testcase>
  <testcase classname="| audits/generate-audit | http://www.felipeandsons.com/ | 1 | 200 |" name="And I draft RequestSpecBuilder" time="0.001">
    <skipped/>
  </testcase>
  <testcase classname="| audits/generate-audit | http://www.felipeandsons.com/ | 1 | 200 |" name="And I set baseURI for LumenDEVURL" time="0.001">
    <skipped/>
  </testcase>
  <testcase classname="| audits/generate-audit | http://www.felipeandsons.com/ | 1 | 200 |" name="And I set basePath to audits/generate-audit" time="0.001">
    <skipped/>
  </testcase>
  <testcase classname="| audits/generate-audit | http://www.felipeandsons.com/ | 1 | 200 |" name="And I add parameter Key as &quot;url&quot; and Value as http://www.felipeandsons.com/" time="0.001">
    <skipped/>
  </testcase>
  <testcase classname="| audits/generate-audit | http://www.felipeandsons.com/ | 1 | 200 |" name="And I add parameter Key as &quot;user_id&quot; and Value as &quot;18805&quot;" time="0.001">
    <skipped/>
  </testcase>
  <testcase classname="| audits/generate-audit | http://www.felipeandsons.com/ | 1 | 200 |" name="And I add parameter Key as &quot;logo&quot; and Value as &quot;&quot;" time="0.001">
    <skipped/>
  </testcase>
  <testcase classname="| audits/generate-audit | http://www.felipeandsons.com/ | 1 | 200 |" name="And I add auditToken to parameter over Generateaudit" time="0.001">
    <skipped/>
  </testcase>
  <testcase classname="| audits/generate-audit | http://www.felipeandsons.com/ | 1 | 200 |" name="And I add parameter Key as &quot;reanalyze&quot; and Value as 1" time="0.001">
    <skipped/>
  </testcase>
  <testcase classname="| audits/generate-audit | http://www.felipeandsons.com/ | 1 | 200 |" name="And I add token to parameter" time="0.001">
    <skipped/>
  </testcase>
  <testcase classname="| audits/generate-audit | http://www.felipeandsons.com/ | 1 | 200 |" name="And I add parameter Key as &quot;site_id&quot; and Value as &quot;8&quot;" time="0.002">
    <skipped/>
  </testcase>
  <testcase classname="| audits/generate-audit | http://www.felipeandsons.com/ | 1 | 200 |" name="And I build RequestSpecification" time="0.002">
    <skipped/>
  </testcase>
  <testcase classname="| audits/generate-audit | http://www.felipeandsons.com/ | 1 | 200 |" name="And I execute a POST method" time="0.002">
    <skipped/>
  </testcase>
  <testcase classname="| audits/generate-audit | http://www.felipeandsons.com/ | 1 | 200 |" name="Then I receive a response with StatusCode 200 over Generateaudit" time="0.002">
    <skipped/>
  </testcase>
  <testcase classname="| audits/generate-audit | http://www.felipeandsons.com/ | 0 | 422 | Generateaudit_TS02_TC01 |" name="Given Im an Account Manager" time="0"/>
  <testcase classname="| audits/generate-audit | http://www.felipeandsons.com/ | 0 | 422 | Generateaudit_TS02_TC01 |" name="When I draft RequestSpecBuilder" time="0"/>
  <testcase classname="| audits/generate-audit | http://www.felipeandsons.com/ | 0 | 422 | Generateaudit_TS02_TC01 |" name="And I set baseURI for LumenDEVURL" time="0">
    <error message="Base URI cannot be null" type="java.lang.IllegalArgumentException">java.lang.IllegalArgumentException: Base URI cannot be null
	at sun.reflect.GeneratedConstructorAccessor33.newInstance(Unknown Source)
	at sun.reflect.DelegatingConstructorAccessorImpl.newInstance(DelegatingConstructorAccessorImpl.java:45)
	at java.lang.reflect.Constructor.newInstance(Constructor.java:423)
	at org.codehaus.groovy.reflection.CachedConstructor.invoke(CachedConstructor.java:83)
	at org.codehaus.groovy.reflection.CachedConstructor.doConstructorInvoke(CachedConstructor.java:77)
	at org.codehaus.groovy.runtime.callsite.ConstructorSite$ConstructorSiteNoUnwrap.callConstructor(ConstructorSite.java:84)
	at org.codehaus.groovy.runtime.callsite.AbstractCallSite.callConstructor(AbstractCallSite.java:247)
	at io.restassured.internal.assertion.AssertParameter.notNull(AssertParameter.groovy:26)
	at io.restassured.internal.assertion.AssertParameter$notNull.callStatic(Unknown Source)
	at io.restassured.internal.RequestSpecificationImpl.baseUri(RequestSpecificationImpl.groovy:748)
	at io.restassured.builder.RequestSpecBuilder.setBaseUri(RequestSpecBuilder.java:1347)
	at restassured.Framework.CommonSteps.I_set_baseURI_for_LumenDEVURL(CommonSteps.java:41)
	at ✽.And I set baseURI for LumenDEVURL(FeatureFilesLumen/TAA-17.feature:58)
</error>
  </testcase>
  <testcase classname="| audits/generate-audit | http://www.felipeandsons.com/ | 0 | 422 | Generateaudit_TS02_TC01 |" name="| audits/generate-audit | http://www.felipeandsons.com/ | 0 | 422 | Generateaudit_TS02_TC01 |" time="0.001">
    <error message="Base URI cannot be null" type="java.lang.IllegalArgumentException">java.lang.IllegalArgumentException: Base URI cannot be null
	at sun.reflect.GeneratedConstructorAccessor33.newInstance(Unknown Source)
	at sun.reflect.DelegatingConstructorAccessorImpl.newInstance(DelegatingConstructorAccessorImpl.java:45)
	at java.lang.reflect.Constructor.newInstance(Constructor.java:423)
	at org.codehaus.groovy.reflection.CachedConstructor.invoke(CachedConstructor.java:83)
	at org.codehaus.groovy.reflection.CachedConstructor.doConstructorInvoke(CachedConstructor.java:77)
	at org.codehaus.groovy.runtime.callsite.ConstructorSite$ConstructorSiteNoUnwrap.callConstructor(ConstructorSite.java:84)
	at org.codehaus.groovy.runtime.callsite.AbstractCallSite.callConstructor(AbstractCallSite.java:247)
	at io.restassured.internal.assertion.AssertParameter.notNull(AssertParameter.groovy:26)
	at io.restassured.internal.assertion.AssertParameter$notNull.callStatic(Unknown Source)
	at io.restassured.internal.RequestSpecificationImpl.baseUri(RequestSpecificationImpl.groovy:748)
	at io.restassured.builder.RequestSpecBuilder.setBaseUri(RequestSpecBuilder.java:1347)
	at restassured.Framework.CommonSteps.I_set_baseURI_for_LumenDEVURL(CommonSteps.java:41)
	at ✽.And I set baseURI for LumenDEVURL(FeatureFilesLumen/TAA-17.feature:58)
</error>
  </testcase>
  <testcase classname="| audits/generate-audit | http://www.felipeandsons.com/ | 0 | 422 | Generateaudit_TS02_TC01 |" name="And I set basePath to &quot;/login/authenticate&quot;" time="0.001">
    <skipped/>
  </testcase>
  <testcase classname="| audits/generate-audit | http://www.felipeandsons.com/ | 0 | 422 | Generateaudit_TS02_TC01 |" name="And I add parameter Key as &quot;email&quot; and Value as &quot;bordy@truelogic.com.ph&quot;" time="0.001">
    <skipped/>
  </testcase>
  <testcase classname="| audits/generate-audit | http://www.felipeandsons.com/ | 0 | 422 | Generateaudit_TS02_TC01 |" name="And I add parameter Key as &quot;password&quot; and Value as &quot;Abcd1234&quot;" time="0.001">
    <skipped/>
  </testcase>
  <testcase classname="| audits/generate-audit | http://www.felipeandsons.com/ | 0 | 422 | Generateaudit_TS02_TC01 |" name="And I add parameter Key as &quot;site_id&quot; and Value as &quot;8&quot;" time="0.001">
    <skipped/>
  </testcase>
  <testcase classname="| audits/generate-audit | http://www.felipeandsons.com/ | 0 | 422 | Generateaudit_TS02_TC01 |" name="And I build RequestSpecification" time="0.001">
    <skipped/>
  </testcase>
  <testcase classname="| audits/generate-audit | http://www.felipeandsons.com/ | 0 | 422 | Generateaudit_TS02_TC01 |" name="And I execute a POST method" time="0.001">
    <skipped/>
  </testcase>
  <testcase classname="| audits/generate-audit | http://www.felipeandsons.com/ | 0 | 422 | Generateaudit_TS02_TC01 |" name="And I attached response to JsonPath" time="0.001">
    <skipped/>
  </testcase>
  <testcase classname="| audits/generate-audit | http://www.felipeandsons.com/ | 0 | 422 | Generateaudit_TS02_TC01 |" name="And I retrieve token" time="0.001">
    <skipped/>
  </testcase>
  <testcase classname="| audits/generate-audit | http://www.felipeandsons.com/ | 0 | 422 | Generateaudit_TS02_TC01 |" name="And I draft RequestSpecBuilder" time="0.002">
    <skipped/>
  </testcase>
  <testcase classname="| audits/generate-audit | http://www.felipeandsons.com/ | 0 | 422 | Generateaudit_TS02_TC01 |" name="And I set baseURI for LumenDEVURL" time="0.002">
    <skipped/>
  </testcase>
  <testcase classname="| audits/generate-audit | http://www.felipeandsons.com/ | 0 | 422 | Generateaudit_TS02_TC01 |" name="And I set basePath to audits/generate-audit" time="0.002">
    <skipped/>
  </testcase>
  <testcase classname="| audits/generate-audit | http://www.felipeandsons.com/ | 0 | 422 | Generateaudit_TS02_TC01 |" name="And I add parameter Key as &quot;url&quot; and Value as http://www.felipeandsons.com/" time="0.002">
    <skipped/>
  </testcase>
  <testcase classname="| audits/generate-audit | http://www.felipeandsons.com/ | 0 | 422 | Generateaudit_TS02_TC01 |" name="And I add parameter Key as &quot;user_id&quot; and Value as &quot;18805&quot;" time="0.002">
    <skipped/>
  </testcase>
  <testcase classname="| audits/generate-audit | http://www.felipeandsons.com/ | 0 | 422 | Generateaudit_TS02_TC01 |" name="And I add parameter Key as &quot;logo&quot; and Value as &quot;&quot;" time="0.002">
    <skipped/>
  </testcase>
  <testcase classname="| audits/generate-audit | http://www.felipeandsons.com/ | 0 | 422 | Generateaudit_TS02_TC01 |" name="And I add parameter Key as &quot;reanalyze&quot; and Value as 0" time="0.002">
    <skipped/>
  </testcase>
  <testcase classname="| audits/generate-audit | http://www.felipeandsons.com/ | 0 | 422 | Generateaudit_TS02_TC01 |" name="And I add token to parameter" time="0.002">
    <skipped/>
  </testcase>
  <testcase classname="| audits/generate-audit | http://www.felipeandsons.com/ | 0 | 422 | Generateaudit_TS02_TC01 |" name="And I add parameter Key as &quot;site_id&quot; and Value as &quot;8&quot;" time="0.002">
    <skipped/>
  </testcase>
  <testcase classname="| audits/generate-audit | http://www.felipeandsons.com/ | 0 | 422 | Generateaudit_TS02_TC01 |" name="And I build RequestSpecification" time="0.002">
    <skipped/>
  </testcase>
  <testcase classname="| audits/generate-audit | http://www.felipeandsons.com/ | 0 | 422 | Generateaudit_TS02_TC01 |" name="And I execute a POST method" time="0.002">
    <skipped/>
  </testcase>
  <testcase classname="| audits/generate-audit | http://www.felipeandsons.com/ | 0 | 422 | Generateaudit_TS02_TC01 |" name="Then I receive a response with StatusCode 422 over Generateaudit" time="0.002">
    <skipped/>
  </testcase>
  <testcase classname="| audits/generate-audit | http://www.felipeandsons.com/ | 0 | 422 | Generateaudit_TS02_TC01 |" name="And I see that response JSON is equal to Generateaudit_TS02_TC01 over Generateaudit" time="0.003">
    <skipped/>
  </testcase>
  <testcase classname="| audits/generate-audit | http://www.felipeandsons.com/ | 1 | 401 | Generateaudit_TS03_TC01 |" name="Given Im an Account Manager" time="0"/>
  <testcase classname="| audits/generate-audit | http://www.felipeandsons.com/ | 1 | 401 | Generateaudit_TS03_TC01 |" name="When I draft RequestSpecBuilder" time="0"/>
  <testcase classname="| audits/generate-audit | http://www.felipeandsons.com/ | 1 | 401 | Generateaudit_TS03_TC01 |" name="And I set baseURI for LumenDEVURL" time="0">
    <error message="Base URI cannot be null" type="java.lang.IllegalArgumentException">java.lang.IllegalArgumentException: Base URI cannot be null
	at sun.reflect.GeneratedConstructorAccessor33.newInstance(Unknown Source)
	at sun.reflect.DelegatingConstructorAccessorImpl.newInstance(DelegatingConstructorAccessorImpl.java:45)
	at java.lang.reflect.Constructor.newInstance(Constructor.java:423)
	at org.codehaus.groovy.reflection.CachedConstructor.invoke(CachedConstructor.java:83)
	at org.codehaus.groovy.reflection.CachedConstructor.doConstructorInvoke(CachedConstructor.java:77)
	at org.codehaus.groovy.runtime.callsite.ConstructorSite$ConstructorSiteNoUnwrap.callConstructor(ConstructorSite.java:84)
	at org.codehaus.groovy.runtime.callsite.AbstractCallSite.callConstructor(AbstractCallSite.java:247)
	at io.restassured.internal.assertion.AssertParameter.notNull(AssertParameter.groovy:26)
	at io.restassured.internal.assertion.AssertParameter$notNull.callStatic(Unknown Source)
	at io.restassured.internal.RequestSpecificationImpl.baseUri(RequestSpecificationImpl.groovy:748)
	at io.restassured.builder.RequestSpecBuilder.setBaseUri(RequestSpecBuilder.java:1347)
	at restassured.Framework.CommonSteps.I_set_baseURI_for_LumenDEVURL(CommonSteps.java:41)
	at ✽.And I set baseURI for LumenDEVURL(FeatureFilesLumen/TAA-17.feature:91)
</error>
  </testcase>
  <testcase classname="| audits/generate-audit | http://www.felipeandsons.com/ | 1 | 401 | Generateaudit_TS03_TC01 |" name="| audits/generate-audit | http://www.felipeandsons.com/ | 1 | 401 | Generateaudit_TS03_TC01 |" time="0">
    <error message="Base URI cannot be null" type="java.lang.IllegalArgumentException">java.lang.IllegalArgumentException: Base URI cannot be null
	at sun.reflect.GeneratedConstructorAccessor33.newInstance(Unknown Source)
	at sun.reflect.DelegatingConstructorAccessorImpl.newInstance(DelegatingConstructorAccessorImpl.java:45)
	at java.lang.reflect.Constructor.newInstance(Constructor.java:423)
	at org.codehaus.groovy.reflection.CachedConstructor.invoke(CachedConstructor.java:83)
	at org.codehaus.groovy.reflection.CachedConstructor.doConstructorInvoke(CachedConstructor.java:77)
	at org.codehaus.groovy.runtime.callsite.ConstructorSite$ConstructorSiteNoUnwrap.callConstructor(ConstructorSite.java:84)
	at org.codehaus.groovy.runtime.callsite.AbstractCallSite.callConstructor(AbstractCallSite.java:247)
	at io.restassured.internal.assertion.AssertParameter.notNull(AssertParameter.groovy:26)
	at io.restassured.internal.assertion.AssertParameter$notNull.callStatic(Unknown Source)
	at io.restassured.internal.RequestSpecificationImpl.baseUri(RequestSpecificationImpl.groovy:748)
	at io.restassured.builder.RequestSpecBuilder.setBaseUri(RequestSpecBuilder.java:1347)
	at restassured.Framework.CommonSteps.I_set_baseURI_for_LumenDEVURL(CommonSteps.java:41)
	at ✽.And I set baseURI for LumenDEVURL(FeatureFilesLumen/TAA-17.feature:91)
</error>
  </testcase>
  <testcase classname="| audits/generate-audit | http://www.felipeandsons.com/ | 1 | 401 | Generateaudit_TS03_TC01 |" name="And I set basePath to &quot;/login/authenticate&quot;" time="0">
    <skipped/>
  </testcase>
  <testcase classname="| audits/generate-audit | http://www.felipeandsons.com/ | 1 | 401 | Generateaudit_TS03_TC01 |" name="And I add parameter Key as &quot;email&quot; and Value as &quot;bordy@truelogic.com.ph&quot;" time="0">
    <skipped/>
  </testcase>
  <testcase classname="| audits/generate-audit | http://www.felipeandsons.com/ | 1 | 401 | Generateaudit_TS03_TC01 |" name="And I add parameter Key as &quot;password&quot; and Value as &quot;Abcd1234&quot;" time="0">
    <skipped/>
  </testcase>
  <testcase classname="| audits/generate-audit | http://www.felipeandsons.com/ | 1 | 401 | Generateaudit_TS03_TC01 |" name="And I add parameter Key as &quot;site_id&quot; and Value as &quot;8&quot;" time="0">
    <skipped/>
  </testcase>
  <testcase classname="| audits/generate-audit | http://www.felipeandsons.com/ | 1 | 401 | Generateaudit_TS03_TC01 |" name="And I build RequestSpecification" time="0.001">
    <skipped/>
  </testcase>
  <testcase classname="| audits/generate-audit | http://www.felipeandsons.com/ | 1 | 401 | Generateaudit_TS03_TC01 |" name="And I execute a POST method" time="0.001">
    <skipped/>
  </testcase>
  <testcase classname="| audits/generate-audit | http://www.felipeandsons.com/ | 1 | 401 | Generateaudit_TS03_TC01 |" name="And I attached response to JsonPath" time="0.001">
    <skipped/>
  </testcase>
  <testcase classname="| audits/generate-audit | http://www.felipeandsons.com/ | 1 | 401 | Generateaudit_TS03_TC01 |" name="And I retrieve token" time="0.001">
    <skipped/>
  </testcase>
  <testcase classname="| audits/generate-audit | http://www.felipeandsons.com/ | 1 | 401 | Generateaudit_TS03_TC01 |" name="And I draft RequestSpecBuilder" time="0.001">
    <skipped/>
  </testcase>
  <testcase classname="| audits/generate-audit | http://www.felipeandsons.com/ | 1 | 401 | Generateaudit_TS03_TC01 |" name="And I set baseURI for LumenDEVURL" time="0.001">
    <skipped/>
  </testcase>
  <testcase classname="| audits/generate-audit | http://www.felipeandsons.com/ | 1 | 401 | Generateaudit_TS03_TC01 |" name="And I set basePath to audits/generate-audit" time="0.001">
    <skipped/>
  </testcase>
  <testcase classname="| audits/generate-audit | http://www.felipeandsons.com/ | 1 | 401 | Generateaudit_TS03_TC01 |" name="And I add parameter Key as &quot;url&quot; and Value as http://www.felipeandsons.com/" time="0.001">
    <skipped/>
  </testcase>
  <testcase classname="| audits/generate-audit | http://www.felipeandsons.com/ | 1 | 401 | Generateaudit_TS03_TC01 |" name="And I add parameter Key as &quot;user_id&quot; and Value as &quot;18805&quot;" time="0.001">
    <skipped/>
  </testcase>
  <testcase classname="| audits/generate-audit | http://www.felipeandsons.com/ | 1 | 401 | Generateaudit_TS03_TC01 |" name="And I add parameter Key as &quot;logo&quot; and Value as &quot;&quot;" time="0.002">
    <skipped/>
  </testcase>
  <testcase classname="| audits/generate-audit | http://www.felipeandsons.com/ | 1 | 401 | Generateaudit_TS03_TC01 |" name="And I add auditToken to parameter over Generateaudit" time="0.002">
    <skipped/>
  </testcase>
  <testcase classname="| audits/generate-audit | http://www.felipeandsons.com/ | 1 | 401 | Generateaudit_TS03_TC01 |" name="And I add parameter Key as &quot;reanalyze&quot; and Value as 1" time="0.002">
    <skipped/>
  </testcase>
  <testcase classname="| audits/generate-audit | http://www.felipeandsons.com/ | 1 | 401 | Generateaudit_TS03_TC01 |" name="And I add parameter Key as &quot;site_id&quot; and Value as &quot;8&quot;" time="0.002">
    <skipped/>
  </testcase>
  <testcase classname="| audits/generate-audit | http://www.felipeandsons.com/ | 1 | 401 | Generateaudit_TS03_TC01 |" name="And I build RequestSpecification" time="0.003">
    <skipped/>
  </testcase>
  <testcase classname="| audits/generate-audit | http://www.felipeandsons.com/ | 1 | 401 | Generateaudit_TS03_TC01 |" name="And I execute a POST method" time="0.003">
    <skipped/>
  </testcase>
  <testcase classname="| audits/generate-audit | http://www.felipeandsons.com/ | 1 | 401 | Generateaudit_TS03_TC01 |" name="Then I receive a response with StatusCode 401 over Generateaudit" time="0.003">
    <skipped/>
  </testcase>
  <testcase classname="| audits/generate-audit | http://www.felipeandsons.com/ | 1 | 401 | Generateaudit_TS03_TC01 |" name="And I see that response JSON is equal to Generateaudit_TS03_TC01 over Generateaudit" time="0.003">
    <skipped/>
  </testcase>
  <testcase classname="| audits/web-audit-data | QJwrsm9zMo7 | 200 | AuditWebauditdata_TS01_TC01 |" name="Given Im an Account Manager" time="0"/>
  <testcase classname="| audits/web-audit-data | QJwrsm9zMo7 | 200 | AuditWebauditdata_TS01_TC01 |" name="When I draft RequestSpecBuilder" time="0"/>
  <testcase classname="| audits/web-audit-data | QJwrsm9zMo7 | 200 | AuditWebauditdata_TS01_TC01 |" name="And I set baseURI for LumenDEVURL" time="0">
    <error message="Base URI cannot be null" type="java.lang.IllegalArgumentException">java.lang.IllegalArgumentException: Base URI cannot be null
	at sun.reflect.GeneratedConstructorAccessor33.newInstance(Unknown Source)
	at sun.reflect.DelegatingConstructorAccessorImpl.newInstance(DelegatingConstructorAccessorImpl.java:45)
	at java.lang.reflect.Constructor.newInstance(Constructor.java:423)
	at org.codehaus.groovy.reflection.CachedConstructor.invoke(CachedConstructor.java:83)
	at org.codehaus.groovy.reflection.CachedConstructor.doConstructorInvoke(CachedConstructor.java:77)
	at org.codehaus.groovy.runtime.callsite.ConstructorSite$ConstructorSiteNoUnwrap.callConstructor(ConstructorSite.java:84)
	at org.codehaus.groovy.runtime.callsite.AbstractCallSite.callConstructor(AbstractCallSite.java:247)
	at io.restassured.internal.assertion.AssertParameter.notNull(AssertParameter.groovy:26)
	at io.restassured.internal.assertion.AssertParameter$notNull.callStatic(Unknown Source)
	at io.restassured.internal.RequestSpecificationImpl.baseUri(RequestSpecificationImpl.groovy:748)
	at io.restassured.builder.RequestSpecBuilder.setBaseUri(RequestSpecBuilder.java:1347)
	at restassured.Framework.CommonSteps.I_set_baseURI_for_LumenDEVURL(CommonSteps.java:41)
	at ✽.And I set baseURI for LumenDEVURL(FeatureFilesLumen/TAA-18.feature:25)
</error>
  </testcase>
  <testcase classname="| audits/web-audit-data | QJwrsm9zMo7 | 200 | AuditWebauditdata_TS01_TC01 |" name="| audits/web-audit-data | QJwrsm9zMo7 | 200 | AuditWebauditdata_TS01_TC01 |" time="0">
    <error message="Base URI cannot be null" type="java.lang.IllegalArgumentException">java.lang.IllegalArgumentException: Base URI cannot be null
	at sun.reflect.GeneratedConstructorAccessor33.newInstance(Unknown Source)
	at sun.reflect.DelegatingConstructorAccessorImpl.newInstance(DelegatingConstructorAccessorImpl.java:45)
	at java.lang.reflect.Constructor.newInstance(Constructor.java:423)
	at org.codehaus.groovy.reflection.CachedConstructor.invoke(CachedConstructor.java:83)
	at org.codehaus.groovy.reflection.CachedConstructor.doConstructorInvoke(CachedConstructor.java:77)
	at org.codehaus.groovy.runtime.callsite.ConstructorSite$ConstructorSiteNoUnwrap.callConstructor(ConstructorSite.java:84)
	at org.codehaus.groovy.runtime.callsite.AbstractCallSite.callConstructor(AbstractCallSite.java:247)
	at io.restassured.internal.assertion.AssertParameter.notNull(AssertParameter.groovy:26)
	at io.restassured.internal.assertion.AssertParameter$notNull.callStatic(Unknown Source)
	at io.restassured.internal.RequestSpecificationImpl.baseUri(RequestSpecificationImpl.groovy:748)
	at io.restassured.builder.RequestSpecBuilder.setBaseUri(RequestSpecBuilder.java:1347)
	at restassured.Framework.CommonSteps.I_set_baseURI_for_LumenDEVURL(CommonSteps.java:41)
	at ✽.And I set baseURI for LumenDEVURL(FeatureFilesLumen/TAA-18.feature:25)
</error>
  </testcase>
  <testcase classname="| audits/web-audit-data | QJwrsm9zMo7 | 200 | AuditWebauditdata_TS01_TC01 |" name="And I set basePath to audits/web-audit-data" time="0">
    <skipped/>
  </testcase>
  <testcase classname="| audits/web-audit-data | QJwrsm9zMo7 | 200 | AuditWebauditdata_TS01_TC01 |" name="And I add parameter Key as &quot;auditToken&quot; and Value as QJwrsm9zMo7" time="0">
    <skipped/>
  </testcase>
  <testcase classname="| audits/web-audit-data | QJwrsm9zMo7 | 200 | AuditWebauditdata_TS01_TC01 |" name="And I build RequestSpecification" time="0">
    <skipped/>
  </testcase>
  <testcase classname="| audits/web-audit-data | QJwrsm9zMo7 | 200 | AuditWebauditdata_TS01_TC01 |" name="And I execute a GET method" time="0">
    <skipped/>
  </testcase>
  <testcase classname="| audits/web-audit-data | QJwrsm9zMo7 | 200 | AuditWebauditdata_TS01_TC01 |" name="Then I receive a response with StatusCode 200 over AuditWebauditdata" time="0">
    <skipped/>
  </testcase>
  <testcase classname="| audits/web-audit-data | QJwrsm9zMo7 | 200 | AuditWebauditdata_TS01_TC01 |" name="And I see that response JSON is equal to AuditWebauditdata_TS01_TC01 over AuditWebauditdata" time="0">
    <skipped/>
  </testcase>
  <testcase classname="| audits/web-audit-data | jWg4gzmH9Ga | 200 | AuditWebauditdata_TS01_TC02 |" name="Given Im an Account Manager" time="0"/>
  <testcase classname="| audits/web-audit-data | jWg4gzmH9Ga | 200 | AuditWebauditdata_TS01_TC02 |" name="When I draft RequestSpecBuilder" time="0"/>
  <testcase classname="| audits/web-audit-data | jWg4gzmH9Ga | 200 | AuditWebauditdata_TS01_TC02 |" name="And I set baseURI for LumenDEVURL" time="0">
    <error message="Base URI cannot be null" type="java.lang.IllegalArgumentException">java.lang.IllegalArgumentException: Base URI cannot be null
	at sun.reflect.GeneratedConstructorAccessor33.newInstance(Unknown Source)
	at sun.reflect.DelegatingConstructorAccessorImpl.newInstance(DelegatingConstructorAccessorImpl.java:45)
	at java.lang.reflect.Constructor.newInstance(Constructor.java:423)
	at org.codehaus.groovy.reflection.CachedConstructor.invoke(CachedConstructor.java:83)
	at org.codehaus.groovy.reflection.CachedConstructor.doConstructorInvoke(CachedConstructor.java:77)
	at org.codehaus.groovy.runtime.callsite.ConstructorSite$ConstructorSiteNoUnwrap.callConstructor(ConstructorSite.java:84)
	at org.codehaus.groovy.runtime.callsite.AbstractCallSite.callConstructor(AbstractCallSite.java:247)
	at io.restassured.internal.assertion.AssertParameter.notNull(AssertParameter.groovy:26)
	at io.restassured.internal.assertion.AssertParameter$notNull.callStatic(Unknown Source)
	at io.restassured.internal.RequestSpecificationImpl.baseUri(RequestSpecificationImpl.groovy:748)
	at io.restassured.builder.RequestSpecBuilder.setBaseUri(RequestSpecBuilder.java:1347)
	at restassured.Framework.CommonSteps.I_set_baseURI_for_LumenDEVURL(CommonSteps.java:41)
	at ✽.And I set baseURI for LumenDEVURL(FeatureFilesLumen/TAA-18.feature:25)
</error>
  </testcase>
  <testcase classname="| audits/web-audit-data | jWg4gzmH9Ga | 200 | AuditWebauditdata_TS01_TC02 |" name="| audits/web-audit-data | jWg4gzmH9Ga | 200 | AuditWebauditdata_TS01_TC02 |" time="0">
    <error message="Base URI cannot be null" type="java.lang.IllegalArgumentException">java.lang.IllegalArgumentException: Base URI cannot be null
	at sun.reflect.GeneratedConstructorAccessor33.newInstance(Unknown Source)
	at sun.reflect.DelegatingConstructorAccessorImpl.newInstance(DelegatingConstructorAccessorImpl.java:45)
	at java.lang.reflect.Constructor.newInstance(Constructor.java:423)
	at org.codehaus.groovy.reflection.CachedConstructor.invoke(CachedConstructor.java:83)
	at org.codehaus.groovy.reflection.CachedConstructor.doConstructorInvoke(CachedConstructor.java:77)
	at org.codehaus.groovy.runtime.callsite.ConstructorSite$ConstructorSiteNoUnwrap.callConstructor(ConstructorSite.java:84)
	at org.codehaus.groovy.runtime.callsite.AbstractCallSite.callConstructor(AbstractCallSite.java:247)
	at io.restassured.internal.assertion.AssertParameter.notNull(AssertParameter.groovy:26)
	at io.restassured.internal.assertion.AssertParameter$notNull.callStatic(Unknown Source)
	at io.restassured.internal.RequestSpecificationImpl.baseUri(RequestSpecificationImpl.groovy:748)
	at io.restassured.builder.RequestSpecBuilder.setBaseUri(RequestSpecBuilder.java:1347)
	at restassured.Framework.CommonSteps.I_set_baseURI_for_LumenDEVURL(CommonSteps.java:41)
	at ✽.And I set baseURI for LumenDEVURL(FeatureFilesLumen/TAA-18.feature:25)
</error>
  </testcase>
  <testcase classname="| audits/web-audit-data | jWg4gzmH9Ga | 200 | AuditWebauditdata_TS01_TC02 |" name="And I set basePath to audits/web-audit-data" time="0">
    <skipped/>
  </testcase>
  <testcase classname="| audits/web-audit-data | jWg4gzmH9Ga | 200 | AuditWebauditdata_TS01_TC02 |" name="And I add parameter Key as &quot;auditToken&quot; and Value as jWg4gzmH9Ga" time="0">
    <skipped/>
  </testcase>
  <testcase classname="| audits/web-audit-data | jWg4gzmH9Ga | 200 | AuditWebauditdata_TS01_TC02 |" name="And I build RequestSpecification" time="0">
    <skipped/>
  </testcase>
  <testcase classname="| audits/web-audit-data | jWg4gzmH9Ga | 200 | AuditWebauditdata_TS01_TC02 |" name="And I execute a GET method" time="0">
    <skipped/>
  </testcase>
  <testcase classname="| audits/web-audit-data | jWg4gzmH9Ga | 200 | AuditWebauditdata_TS01_TC02 |" name="Then I receive a response with StatusCode 200 over AuditWebauditdata" time="0">
    <skipped/>
  </testcase>
  <testcase classname="| audits/web-audit-data | jWg4gzmH9Ga | 200 | AuditWebauditdata_TS01_TC02 |" name="And I see that response JSON is equal to AuditWebauditdata_TS01_TC02 over AuditWebauditdata" time="0">
    <skipped/>
  </testcase>
  <testcase classname="| audits/web-audit-data | 422 | AuditWebauditdata_TS02_TC01 |" name="Given Im an Account Manager" time="0"/>
  <testcase classname="| audits/web-audit-data | 422 | AuditWebauditdata_TS02_TC01 |" name="When I draft RequestSpecBuilder" time="0"/>
  <testcase classname="| audits/web-audit-data | 422 | AuditWebauditdata_TS02_TC01 |" name="And I set baseURI for LumenDEVURL" time="0">
    <error message="Base URI cannot be null" type="java.lang.IllegalArgumentException">java.lang.IllegalArgumentException: Base URI cannot be null
	at sun.reflect.GeneratedConstructorAccessor33.newInstance(Unknown Source)
	at sun.reflect.DelegatingConstructorAccessorImpl.newInstance(DelegatingConstructorAccessorImpl.java:45)
	at java.lang.reflect.Constructor.newInstance(Constructor.java:423)
	at org.codehaus.groovy.reflection.CachedConstructor.invoke(CachedConstructor.java:83)
	at org.codehaus.groovy.reflection.CachedConstructor.doConstructorInvoke(CachedConstructor.java:77)
	at org.codehaus.groovy.runtime.callsite.ConstructorSite$ConstructorSiteNoUnwrap.callConstructor(ConstructorSite.java:84)
	at org.codehaus.groovy.runtime.callsite.AbstractCallSite.callConstructor(AbstractCallSite.java:247)
	at io.restassured.internal.assertion.AssertParameter.notNull(AssertParameter.groovy:26)
	at io.restassured.internal.assertion.AssertParameter$notNull.callStatic(Unknown Source)
	at io.restassured.internal.RequestSpecificationImpl.baseUri(RequestSpecificationImpl.groovy:748)
	at io.restassured.builder.RequestSpecBuilder.setBaseUri(RequestSpecBuilder.java:1347)
	at restassured.Framework.CommonSteps.I_set_baseURI_for_LumenDEVURL(CommonSteps.java:41)
	at ✽.And I set baseURI for LumenDEVURL(FeatureFilesLumen/TAA-18.feature:42)
</error>
  </testcase>
  <testcase classname="| audits/web-audit-data | 422 | AuditWebauditdata_TS02_TC01 |" name="| audits/web-audit-data | 422 | AuditWebauditdata_TS02_TC01 |" time="0">
    <error message="Base URI cannot be null" type="java.lang.IllegalArgumentException">java.lang.IllegalArgumentException: Base URI cannot be null
	at sun.reflect.GeneratedConstructorAccessor33.newInstance(Unknown Source)
	at sun.reflect.DelegatingConstructorAccessorImpl.newInstance(DelegatingConstructorAccessorImpl.java:45)
	at java.lang.reflect.Constructor.newInstance(Constructor.java:423)
	at org.codehaus.groovy.reflection.CachedConstructor.invoke(CachedConstructor.java:83)
	at org.codehaus.groovy.reflection.CachedConstructor.doConstructorInvoke(CachedConstructor.java:77)
	at org.codehaus.groovy.runtime.callsite.ConstructorSite$ConstructorSiteNoUnwrap.callConstructor(ConstructorSite.java:84)
	at org.codehaus.groovy.runtime.callsite.AbstractCallSite.callConstructor(AbstractCallSite.java:247)
	at io.restassured.internal.assertion.AssertParameter.notNull(AssertParameter.groovy:26)
	at io.restassured.internal.assertion.AssertParameter$notNull.callStatic(Unknown Source)
	at io.restassured.internal.RequestSpecificationImpl.baseUri(RequestSpecificationImpl.groovy:748)
	at io.restassured.builder.RequestSpecBuilder.setBaseUri(RequestSpecBuilder.java:1347)
	at restassured.Framework.CommonSteps.I_set_baseURI_for_LumenDEVURL(CommonSteps.java:41)
	at ✽.And I set baseURI for LumenDEVURL(FeatureFilesLumen/TAA-18.feature:42)
</error>
  </testcase>
  <testcase classname="| audits/web-audit-data | 422 | AuditWebauditdata_TS02_TC01 |" name="And I set basePath to audits/web-audit-data" time="0.001">
    <skipped/>
  </testcase>
  <testcase classname="| audits/web-audit-data | 422 | AuditWebauditdata_TS02_TC01 |" name="And I remove &quot;auditToken&quot; parameter" time="0.001">
    <skipped/>
  </testcase>
  <testcase classname="| audits/web-audit-data | 422 | AuditWebauditdata_TS02_TC01 |" name="And I build RequestSpecification" time="0.001">
    <skipped/>
  </testcase>
  <testcase classname="| audits/web-audit-data | 422 | AuditWebauditdata_TS02_TC01 |" name="And I execute a GET method" time="0.001">
    <skipped/>
  </testcase>
  <testcase classname="| audits/web-audit-data | 422 | AuditWebauditdata_TS02_TC01 |" name="Then I receive a response with StatusCode 422 over AuditWebauditdata" time="0.001">
    <skipped/>
  </testcase>
  <testcase classname="| audits/web-audit-data | 422 | AuditWebauditdata_TS02_TC01 |" name="And I see that response JSON is equal to AuditWebauditdata_TS02_TC01 over AuditWebauditdata" time="0.001">
    <skipped/>
  </testcase>
  <testcase classname="| /site-page-tree-nodes | 200 | Sitepagetreenodes_TS01_TC01 |" name="Given Im an Account Manager" time="0"/>
  <testcase classname="| /site-page-tree-nodes | 200 | Sitepagetreenodes_TS01_TC01 |" name="When I draft RequestSpecBuilder" time="0"/>
  <testcase classname="| /site-page-tree-nodes | 200 | Sitepagetreenodes_TS01_TC01 |" name="And I set baseURI for LumenDEVURL" time="0">
    <error message="Base URI cannot be null" type="java.lang.IllegalArgumentException">java.lang.IllegalArgumentException: Base URI cannot be null
	at sun.reflect.GeneratedConstructorAccessor33.newInstance(Unknown Source)
	at sun.reflect.DelegatingConstructorAccessorImpl.newInstance(DelegatingConstructorAccessorImpl.java:45)
	at java.lang.reflect.Constructor.newInstance(Constructor.java:423)
	at org.codehaus.groovy.reflection.CachedConstructor.invoke(CachedConstructor.java:83)
	at org.codehaus.groovy.reflection.CachedConstructor.doConstructorInvoke(CachedConstructor.java:77)
	at org.codehaus.groovy.runtime.callsite.ConstructorSite$ConstructorSiteNoUnwrap.callConstructor(ConstructorSite.java:84)
	at org.codehaus.groovy.runtime.callsite.AbstractCallSite.callConstructor(AbstractCallSite.java:247)
	at io.restassured.internal.assertion.AssertParameter.notNull(AssertParameter.groovy:26)
	at io.restassured.internal.assertion.AssertParameter$notNull.callStatic(Unknown Source)
	at io.restassured.internal.RequestSpecificationImpl.baseUri(RequestSpecificationImpl.groovy:748)
	at io.restassured.builder.RequestSpecBuilder.setBaseUri(RequestSpecBuilder.java:1347)
	at restassured.Framework.CommonSteps.I_set_baseURI_for_LumenDEVURL(CommonSteps.java:41)
	at ✽.And I set baseURI for LumenDEVURL(FeatureFilesLumen/TAA-19.feature:25)
</error>
  </testcase>
  <testcase classname="| /site-page-tree-nodes | 200 | Sitepagetreenodes_TS01_TC01 |" name="| /site-page-tree-nodes | 200 | Sitepagetreenodes_TS01_TC01 |" time="0">
    <error message="Base URI cannot be null" type="java.lang.IllegalArgumentException">java.lang.IllegalArgumentException: Base URI cannot be null
	at sun.reflect.GeneratedConstructorAccessor33.newInstance(Unknown Source)
	at sun.reflect.DelegatingConstructorAccessorImpl.newInstance(DelegatingConstructorAccessorImpl.java:45)
	at java.lang.reflect.Constructor.newInstance(Constructor.java:423)
	at org.codehaus.groovy.reflection.CachedConstructor.invoke(CachedConstructor.java:83)
	at org.codehaus.groovy.reflection.CachedConstructor.doConstructorInvoke(CachedConstructor.java:77)
	at org.codehaus.groovy.runtime.callsite.ConstructorSite$ConstructorSiteNoUnwrap.callConstructor(ConstructorSite.java:84)
	at org.codehaus.groovy.runtime.callsite.AbstractCallSite.callConstructor(AbstractCallSite.java:247)
	at io.restassured.internal.assertion.AssertParameter.notNull(AssertParameter.groovy:26)
	at io.restassured.internal.assertion.AssertParameter$notNull.callStatic(Unknown Source)
	at io.restassured.internal.RequestSpecificationImpl.baseUri(RequestSpecificationImpl.groovy:748)
	at io.restassured.builder.RequestSpecBuilder.setBaseUri(RequestSpecBuilder.java:1347)
	at restassured.Framework.CommonSteps.I_set_baseURI_for_LumenDEVURL(CommonSteps.java:41)
	at ✽.And I set baseURI for LumenDEVURL(FeatureFilesLumen/TAA-19.feature:25)
</error>
  </testcase>
  <testcase classname="| /site-page-tree-nodes | 200 | Sitepagetreenodes_TS01_TC01 |" name="And I set basePath to /site-page-tree-nodes" time="0">
    <skipped/>
  </testcase>
  <testcase classname="| /site-page-tree-nodes | 200 | Sitepagetreenodes_TS01_TC01 |" name="And I add parameter Key as &quot;site_id&quot; and Value as &quot;8&quot;" time="0">
    <skipped/>
  </testcase>
  <testcase classname="| /site-page-tree-nodes | 200 | Sitepagetreenodes_TS01_TC01 |" name="And I add parameter Key as &quot;pagination_clause[pagination_limit]&quot; and Value as &quot;none&quot;" time="0">
    <skipped/>
  </testcase>
  <testcase classname="| /site-page-tree-nodes | 200 | Sitepagetreenodes_TS01_TC01 |" name="And I add parameter Key as &quot;language_type_code&quot; and Value as &quot;en&quot;" time="0">
    <skipped/>
  </testcase>
  <testcase classname="| /site-page-tree-nodes | 200 | Sitepagetreenodes_TS01_TC01 |" name="And I build RequestSpecification" time="0">
    <skipped/>
  </testcase>
  <testcase classname="| /site-page-tree-nodes | 200 | Sitepagetreenodes_TS01_TC01 |" name="And I execute a GET method" time="0">
    <skipped/>
  </testcase>
  <testcase classname="| /site-page-tree-nodes | 200 | Sitepagetreenodes_TS01_TC01 |" name="Then I receive a response with StatusCode 200 over Sitepagetreenodes" time="0">
    <skipped/>
  </testcase>
  <testcase classname="| /site-page-tree-nodes | 200 | Sitepagetreenodes_TS01_TC01 |" name="And I see that response JSON is equal to Sitepagetreenodes_TS01_TC01 over Sitepagetreenodes" time="0.001">
    <skipped/>
  </testcase>
  <testcase classname="| /site-page-tree-nodes | 422 | Sitepagetreenodes_TS02_TC01 |" name="Given Im an Account Manager" time="0"/>
  <testcase classname="| /site-page-tree-nodes | 422 | Sitepagetreenodes_TS02_TC01 |" name="When I draft RequestSpecBuilder" time="0"/>
  <testcase classname="| /site-page-tree-nodes | 422 | Sitepagetreenodes_TS02_TC01 |" name="And I set baseURI for LumenDEVURL" time="0">
    <error message="Base URI cannot be null" type="java.lang.IllegalArgumentException">java.lang.IllegalArgumentException: Base URI cannot be null
	at sun.reflect.GeneratedConstructorAccessor33.newInstance(Unknown Source)
	at sun.reflect.DelegatingConstructorAccessorImpl.newInstance(DelegatingConstructorAccessorImpl.java:45)
	at java.lang.reflect.Constructor.newInstance(Constructor.java:423)
	at org.codehaus.groovy.reflection.CachedConstructor.invoke(CachedConstructor.java:83)
	at org.codehaus.groovy.reflection.CachedConstructor.doConstructorInvoke(CachedConstructor.java:77)
	at org.codehaus.groovy.runtime.callsite.ConstructorSite$ConstructorSiteNoUnwrap.callConstructor(ConstructorSite.java:84)
	at org.codehaus.groovy.runtime.callsite.AbstractCallSite.callConstructor(AbstractCallSite.java:247)
	at io.restassured.internal.assertion.AssertParameter.notNull(AssertParameter.groovy:26)
	at io.restassured.internal.assertion.AssertParameter$notNull.callStatic(Unknown Source)
	at io.restassured.internal.RequestSpecificationImpl.baseUri(RequestSpecificationImpl.groovy:748)
	at io.restassured.builder.RequestSpecBuilder.setBaseUri(RequestSpecBuilder.java:1347)
	at restassured.Framework.CommonSteps.I_set_baseURI_for_LumenDEVURL(CommonSteps.java:41)
	at ✽.And I set baseURI for LumenDEVURL(FeatureFilesLumen/TAA-19.feature:44)
</error>
  </testcase>
  <testcase classname="| /site-page-tree-nodes | 422 | Sitepagetreenodes_TS02_TC01 |" name="| /site-page-tree-nodes | 422 | Sitepagetreenodes_TS02_TC01 |" time="0">
    <error message="Base URI cannot be null" type="java.lang.IllegalArgumentException">java.lang.IllegalArgumentException: Base URI cannot be null
	at sun.reflect.GeneratedConstructorAccessor33.newInstance(Unknown Source)
	at sun.reflect.DelegatingConstructorAccessorImpl.newInstance(DelegatingConstructorAccessorImpl.java:45)
	at java.lang.reflect.Constructor.newInstance(Constructor.java:423)
	at org.codehaus.groovy.reflection.CachedConstructor.invoke(CachedConstructor.java:83)
	at org.codehaus.groovy.reflection.CachedConstructor.doConstructorInvoke(CachedConstructor.java:77)
	at org.codehaus.groovy.runtime.callsite.ConstructorSite$ConstructorSiteNoUnwrap.callConstructor(ConstructorSite.java:84)
	at org.codehaus.groovy.runtime.callsite.AbstractCallSite.callConstructor(AbstractCallSite.java:247)
	at io.restassured.internal.assertion.AssertParameter.notNull(AssertParameter.groovy:26)
	at io.restassured.internal.assertion.AssertParameter$notNull.callStatic(Unknown Source)
	at io.restassured.internal.RequestSpecificationImpl.baseUri(RequestSpecificationImpl.groovy:748)
	at io.restassured.builder.RequestSpecBuilder.setBaseUri(RequestSpecBuilder.java:1347)
	at restassured.Framework.CommonSteps.I_set_baseURI_for_LumenDEVURL(CommonSteps.java:41)
	at ✽.And I set baseURI for LumenDEVURL(FeatureFilesLumen/TAA-19.feature:44)
</error>
  </testcase>
  <testcase classname="| /site-page-tree-nodes | 422 | Sitepagetreenodes_TS02_TC01 |" name="And I set basePath to /site-page-tree-nodes" time="0">
    <skipped/>
  </testcase>
  <testcase classname="| /site-page-tree-nodes | 422 | Sitepagetreenodes_TS02_TC01 |" name="And I add parameter Key as &quot;site_id&quot; and Value as &quot;8&quot;" time="0">
    <skipped/>
  </testcase>
  <testcase classname="| /site-page-tree-nodes | 422 | Sitepagetreenodes_TS02_TC01 |" name="And I add parameter Key as &quot;pagination_clause[pagination_limit]&quot; and Value as &quot;none&quot;" time="0">
    <skipped/>
  </testcase>
  <testcase classname="| /site-page-tree-nodes | 422 | Sitepagetreenodes_TS02_TC01 |" name="And I build RequestSpecification" time="0">
    <skipped/>
  </testcase>
  <testcase classname="| /site-page-tree-nodes | 422 | Sitepagetreenodes_TS02_TC01 |" name="And I execute a GET method" time="0">
    <skipped/>
  </testcase>
  <testcase classname="| /site-page-tree-nodes | 422 | Sitepagetreenodes_TS02_TC01 |" name="Then I receive a response with StatusCode 422 over Sitepagetreenodes" time="0">
    <skipped/>
  </testcase>
  <testcase classname="| /site-page-tree-nodes | 422 | Sitepagetreenodes_TS02_TC01 |" name="And I see that response JSON is equal to Sitepagetreenodes_TS02_TC01 over Sitepagetreenodes" time="0.001">
    <skipped/>
  </testcase>
</testsuite>